[2024-09-20T10:19:23.440Z] Error accessing directory C:\ProgramData\Packages: EPERM: operation not permitted, scandir 'C:\ProgramData\Packages'
[2024-09-20T10:19:23.441Z] Error getting file size for C:\ProgramData\ntuser.pol: EPERM: operation not permitted, stat 'C:\ProgramData\ntuser.pol'
[2024-09-20T10:19:23.459Z] Error accessing directory C:\ProgramData\WindowsHolographicDevices: EPERM: operation not permitted, scandir 'C:\ProgramData\WindowsHolographicDevices'
[2024-09-20T10:19:23.509Z] Error accessing directory C:\Users\USR1CV8: EPERM: operation not permitted, scandir 'C:\Users\USR1CV8'
[2024-09-20T10:19:23.531Z] Error getting file size for C:\Certbot\live\README: EPERM: operation not permitted, stat 'C:\Certbot\live\README'
[2024-09-20T10:19:23.532Z] Error getting file size for C:\Certbot\log\letsencrypt.log: EPERM: operation not permitted, stat 'C:\Certbot\log\letsencrypt.log'
[2024-09-20T10:19:23.532Z] Error getting file size for C:\Certbot\log\letsencrypt.log.10: EPERM: operation not permitted, stat 'C:\Certbot\log\letsencrypt.log.10'
[2024-09-20T10:19:23.532Z] Error getting file size for C:\Certbot\log\letsencrypt.log.101: EPERM: operation not permitted, stat 'C:\Certbot\log\letsencrypt.log.101'
[2024-09-20T10:19:23.532Z] Error getting file size for C:\Certbot\log\letsencrypt.log.1: EPERM: operation not permitted, stat 'C:\Certbot\log\letsencrypt.log.1'
[2024-09-20T10:19:23.532Z] Error getting file size for C:\Certbot\log\letsencrypt.log.100: EPERM: operation not permitted, stat 'C:\Certbot\log\letsencrypt.log.100'
[2024-09-20T10:19:23.532Z] Error getting file size for C:\Certbot\log\letsencrypt.log.103: EPERM: operation not permitted, stat 'C:\Certbot\log\letsencrypt.log.103'
[2024-09-20T10:19:23.532Z] Error getting file size for C:\Certbot\log\letsencrypt.log.102: EPERM: operation not permitted, stat 'C:\Certbot\log\letsencrypt.log.102'
[2024-09-20T10:19:23.532Z] Error getting file size for C:\Certbot\log\letsencrypt.log.104: EPERM: operation not permitted, stat 'C:\Certbot\log\letsencrypt.log.104'
[2024-09-20T10:19:23.532Z] Error getting file size for C:\Certbot\log\letsencrypt.log.105: EPERM: operation not permitted, stat 'C:\Certbot\log\letsencrypt.log.105'
[2024-09-20T10:19:23.533Z] Error getting file size for C:\Certbot\log\letsencrypt.log.106: EPERM: operation not permitted, stat 'C:\Certbot\log\letsencrypt.log.106'
[2024-09-20T10:19:23.533Z] Error getting file size for C:\Certbot\log\letsencrypt.log.107: EPERM: operation not permitted, stat 'C:\Certbot\log\letsencrypt.log.107'
[2024-09-20T10:19:23.533Z] Error getting file size for C:\Certbot\log\letsencrypt.log.108: EPERM: operation not permitted, stat 'C:\Certbot\log\letsencrypt.log.108'
[2024-09-20T10:19:23.533Z] Error getting file size for C:\Certbot\log\letsencrypt.log.109: EPERM: operation not permitted, stat 'C:\Certbot\log\letsencrypt.log.109'
[2024-09-20T10:19:23.533Z] Error getting file size for C:\Certbot\log\letsencrypt.log.111: EPERM: operation not permitted, stat 'C:\Certbot\log\letsencrypt.log.111'
[2024-09-20T10:19:23.533Z] Error getting file size for C:\Certbot\log\letsencrypt.log.112: EPERM: operation not permitted, stat 'C:\Certbot\log\letsencrypt.log.112'
[2024-09-20T10:19:23.533Z] Error getting file size for C:\Certbot\log\letsencrypt.log.11: EPERM: operation not permitted, stat 'C:\Certbot\log\letsencrypt.log.11'
[2024-09-20T10:19:23.533Z] Error getting file size for C:\Certbot\log\letsencrypt.log.114: EPERM: operation not permitted, stat 'C:\Certbot\log\letsencrypt.log.114'
[2024-09-20T10:19:23.533Z] Error getting file size for C:\Certbot\log\letsencrypt.log.115: EPERM: operation not permitted, stat 'C:\Certbot\log\letsencrypt.log.115'
[2024-09-20T10:19:23.533Z] Error getting file size for C:\Certbot\log\letsencrypt.log.113: EPERM: operation not permitted, stat 'C:\Certbot\log\letsencrypt.log.113'
[2024-09-20T10:19:23.533Z] Error getting file size for C:\Certbot\log\letsencrypt.log.110: EPERM: operation not permitted, stat 'C:\Certbot\log\letsencrypt.log.110'
[2024-09-20T10:19:23.533Z] Error getting file size for C:\Certbot\log\letsencrypt.log.116: EPERM: operation not permitted, stat 'C:\Certbot\log\letsencrypt.log.116'
[2024-09-20T10:19:23.533Z] Error getting file size for C:\Certbot\log\letsencrypt.log.117: EPERM: operation not permitted, stat 'C:\Certbot\log\letsencrypt.log.117'
[2024-09-20T10:19:23.533Z] Error getting file size for C:\Certbot\log\letsencrypt.log.119: EPERM: operation not permitted, stat 'C:\Certbot\log\letsencrypt.log.119'
[2024-09-20T10:19:23.533Z] Error getting file size for C:\Certbot\log\letsencrypt.log.12: EPERM: operation not permitted, stat 'C:\Certbot\log\letsencrypt.log.12'
[2024-09-20T10:19:23.533Z] Error getting file size for C:\Certbot\log\letsencrypt.log.118: EPERM: operation not permitted, stat 'C:\Certbot\log\letsencrypt.log.118'
[2024-09-20T10:19:23.533Z] Error getting file size for C:\Certbot\log\letsencrypt.log.122: EPERM: operation not permitted, stat 'C:\Certbot\log\letsencrypt.log.122'
[2024-09-20T10:19:23.533Z] Error getting file size for C:\Certbot\log\letsencrypt.log.123: EPERM: operation not permitted, stat 'C:\Certbot\log\letsencrypt.log.123'
[2024-09-20T10:19:23.533Z] Error getting file size for C:\Certbot\log\letsencrypt.log.120: EPERM: operation not permitted, stat 'C:\Certbot\log\letsencrypt.log.120'
[2024-09-20T10:19:23.533Z] Error getting file size for C:\Certbot\log\letsencrypt.log.125: EPERM: operation not permitted, stat 'C:\Certbot\log\letsencrypt.log.125'
[2024-09-20T10:19:23.533Z] Error getting file size for C:\Certbot\log\letsencrypt.log.124: EPERM: operation not permitted, stat 'C:\Certbot\log\letsencrypt.log.124'
[2024-09-20T10:19:23.533Z] Error getting file size for C:\Certbot\log\letsencrypt.log.126: EPERM: operation not permitted, stat 'C:\Certbot\log\letsencrypt.log.126'
[2024-09-20T10:19:23.533Z] Error getting file size for C:\Certbot\log\letsencrypt.log.128: EPERM: operation not permitted, stat 'C:\Certbot\log\letsencrypt.log.128'
[2024-09-20T10:19:23.534Z] Error getting file size for C:\Certbot\log\letsencrypt.log.127: EPERM: operation not permitted, stat 'C:\Certbot\log\letsencrypt.log.127'
[2024-09-20T10:19:23.534Z] Error getting file size for C:\Certbot\log\letsencrypt.log.129: EPERM: operation not permitted, stat 'C:\Certbot\log\letsencrypt.log.129'
[2024-09-20T10:19:23.534Z] Error getting file size for C:\Certbot\log\letsencrypt.log.13: EPERM: operation not permitted, stat 'C:\Certbot\log\letsencrypt.log.13'
[2024-09-20T10:19:23.534Z] Error getting file size for C:\Certbot\log\letsencrypt.log.131: EPERM: operation not permitted, stat 'C:\Certbot\log\letsencrypt.log.131'
[2024-09-20T10:19:23.533Z] Error getting file size for C:\Certbot\log\letsencrypt.log.121: EPERM: operation not permitted, stat 'C:\Certbot\log\letsencrypt.log.121'
[2024-09-20T10:19:23.534Z] Error getting file size for C:\Certbot\log\letsencrypt.log.132: EPERM: operation not permitted, stat 'C:\Certbot\log\letsencrypt.log.132'
[2024-09-20T10:19:23.534Z] Error getting file size for C:\Certbot\log\letsencrypt.log.133: EPERM: operation not permitted, stat 'C:\Certbot\log\letsencrypt.log.133'
[2024-09-20T10:19:23.534Z] Error getting file size for C:\Certbot\log\letsencrypt.log.134: EPERM: operation not permitted, stat 'C:\Certbot\log\letsencrypt.log.134'
[2024-09-20T10:19:23.534Z] Error getting file size for C:\Certbot\log\letsencrypt.log.130: EPERM: operation not permitted, stat 'C:\Certbot\log\letsencrypt.log.130'
[2024-09-20T10:19:23.534Z] Error getting file size for C:\Certbot\log\letsencrypt.log.135: EPERM: operation not permitted, stat 'C:\Certbot\log\letsencrypt.log.135'
[2024-09-20T10:19:23.534Z] Error getting file size for C:\Certbot\log\letsencrypt.log.136: EPERM: operation not permitted, stat 'C:\Certbot\log\letsencrypt.log.136'
[2024-09-20T10:19:23.534Z] Error getting file size for C:\Certbot\log\letsencrypt.log.138: EPERM: operation not permitted, stat 'C:\Certbot\log\letsencrypt.log.138'
[2024-09-20T10:19:23.534Z] Error getting file size for C:\Certbot\log\letsencrypt.log.14: EPERM: operation not permitted, stat 'C:\Certbot\log\letsencrypt.log.14'
[2024-09-20T10:19:23.534Z] Error getting file size for C:\Certbot\log\letsencrypt.log.139: EPERM: operation not permitted, stat 'C:\Certbot\log\letsencrypt.log.139'
[2024-09-20T10:19:23.534Z] Error getting file size for C:\Certbot\log\letsencrypt.log.140: EPERM: operation not permitted, stat 'C:\Certbot\log\letsencrypt.log.140'
[2024-09-20T10:19:23.534Z] Error getting file size for C:\Certbot\log\letsencrypt.log.137: EPERM: operation not permitted, stat 'C:\Certbot\log\letsencrypt.log.137'
[2024-09-20T10:19:23.534Z] Error getting file size for C:\Certbot\log\letsencrypt.log.142: EPERM: operation not permitted, stat 'C:\Certbot\log\letsencrypt.log.142'
[2024-09-20T10:19:23.534Z] Error getting file size for C:\Certbot\log\letsencrypt.log.141: EPERM: operation not permitted, stat 'C:\Certbot\log\letsencrypt.log.141'
[2024-09-20T10:19:23.534Z] Error getting file size for C:\Certbot\log\letsencrypt.log.143: EPERM: operation not permitted, stat 'C:\Certbot\log\letsencrypt.log.143'
[2024-09-20T10:19:23.534Z] Error getting file size for C:\Certbot\log\letsencrypt.log.146: EPERM: operation not permitted, stat 'C:\Certbot\log\letsencrypt.log.146'
[2024-09-20T10:19:23.534Z] Error getting file size for C:\Certbot\log\letsencrypt.log.147: EPERM: operation not permitted, stat 'C:\Certbot\log\letsencrypt.log.147'
[2024-09-20T10:19:23.534Z] Error getting file size for C:\Certbot\log\letsencrypt.log.148: EPERM: operation not permitted, stat 'C:\Certbot\log\letsencrypt.log.148'
[2024-09-20T10:19:23.534Z] Error getting file size for C:\Certbot\log\letsencrypt.log.145: EPERM: operation not permitted, stat 'C:\Certbot\log\letsencrypt.log.145'
[2024-09-20T10:19:23.534Z] Error getting file size for C:\Certbot\log\letsencrypt.log.144: EPERM: operation not permitted, stat 'C:\Certbot\log\letsencrypt.log.144'
[2024-09-20T10:19:23.534Z] Error getting file size for C:\Certbot\log\letsencrypt.log.149: EPERM: operation not permitted, stat 'C:\Certbot\log\letsencrypt.log.149'
[2024-09-20T10:19:23.534Z] Error getting file size for C:\Certbot\log\letsencrypt.log.150: EPERM: operation not permitted, stat 'C:\Certbot\log\letsencrypt.log.150'
[2024-09-20T10:19:23.534Z] Error getting file size for C:\Certbot\log\letsencrypt.log.15: EPERM: operation not permitted, stat 'C:\Certbot\log\letsencrypt.log.15'
[2024-09-20T10:19:23.534Z] Error getting file size for C:\Certbot\log\letsencrypt.log.153: EPERM: operation not permitted, stat 'C:\Certbot\log\letsencrypt.log.153'
[2024-09-20T10:19:23.534Z] Error getting file size for C:\Certbot\log\letsencrypt.log.152: EPERM: operation not permitted, stat 'C:\Certbot\log\letsencrypt.log.152'
[2024-09-20T10:19:23.534Z] Error getting file size for C:\Certbot\log\letsencrypt.log.154: EPERM: operation not permitted, stat 'C:\Certbot\log\letsencrypt.log.154'
[2024-09-20T10:19:23.534Z] Error getting file size for C:\Certbot\log\letsencrypt.log.155: EPERM: operation not permitted, stat 'C:\Certbot\log\letsencrypt.log.155'
[2024-09-20T10:19:23.534Z] Error getting file size for C:\Certbot\log\letsencrypt.log.156: EPERM: operation not permitted, stat 'C:\Certbot\log\letsencrypt.log.156'
[2024-09-20T10:19:23.535Z] Error getting file size for C:\Certbot\log\letsencrypt.log.151: EPERM: operation not permitted, stat 'C:\Certbot\log\letsencrypt.log.151'
[2024-09-20T10:19:23.535Z] Error getting file size for C:\Certbot\log\letsencrypt.log.159: EPERM: operation not permitted, stat 'C:\Certbot\log\letsencrypt.log.159'
[2024-09-20T10:19:23.535Z] Error getting file size for C:\Certbot\log\letsencrypt.log.157: EPERM: operation not permitted, stat 'C:\Certbot\log\letsencrypt.log.157'
[2024-09-20T10:19:23.535Z] Error getting file size for C:\Certbot\log\letsencrypt.log.158: EPERM: operation not permitted, stat 'C:\Certbot\log\letsencrypt.log.158'
[2024-09-20T10:19:23.535Z] Error getting file size for C:\Certbot\log\letsencrypt.log.161: EPERM: operation not permitted, stat 'C:\Certbot\log\letsencrypt.log.161'
[2024-09-20T10:19:23.535Z] Error getting file size for C:\Certbot\log\letsencrypt.log.16: EPERM: operation not permitted, stat 'C:\Certbot\log\letsencrypt.log.16'
[2024-09-20T10:19:23.535Z] Error getting file size for C:\Certbot\log\letsencrypt.log.163: EPERM: operation not permitted, stat 'C:\Certbot\log\letsencrypt.log.163'
[2024-09-20T10:19:23.535Z] Error getting file size for C:\Certbot\log\letsencrypt.log.160: EPERM: operation not permitted, stat 'C:\Certbot\log\letsencrypt.log.160'
[2024-09-20T10:19:23.535Z] Error getting file size for C:\Certbot\log\letsencrypt.log.162: EPERM: operation not permitted, stat 'C:\Certbot\log\letsencrypt.log.162'
[2024-09-20T10:19:23.535Z] Error getting file size for C:\Certbot\log\letsencrypt.log.164: EPERM: operation not permitted, stat 'C:\Certbot\log\letsencrypt.log.164'
[2024-09-20T10:19:23.535Z] Error getting file size for C:\Certbot\log\letsencrypt.log.165: EPERM: operation not permitted, stat 'C:\Certbot\log\letsencrypt.log.165'
[2024-09-20T10:19:23.535Z] Error getting file size for C:\Certbot\log\letsencrypt.log.167: EPERM: operation not permitted, stat 'C:\Certbot\log\letsencrypt.log.167'
[2024-09-20T10:19:23.535Z] Error getting file size for C:\Certbot\log\letsencrypt.log.166: EPERM: operation not permitted, stat 'C:\Certbot\log\letsencrypt.log.166'
[2024-09-20T10:19:23.535Z] Error getting file size for C:\Certbot\log\letsencrypt.log.17: EPERM: operation not permitted, stat 'C:\Certbot\log\letsencrypt.log.17'
[2024-09-20T10:19:23.535Z] Error getting file size for C:\Certbot\log\letsencrypt.log.168: EPERM: operation not permitted, stat 'C:\Certbot\log\letsencrypt.log.168'
[2024-09-20T10:19:23.535Z] Error getting file size for C:\Certbot\log\letsencrypt.log.172: EPERM: operation not permitted, stat 'C:\Certbot\log\letsencrypt.log.172'
[2024-09-20T10:19:23.535Z] Error getting file size for C:\Certbot\log\letsencrypt.log.173: EPERM: operation not permitted, stat 'C:\Certbot\log\letsencrypt.log.173'
[2024-09-20T10:19:23.535Z] Error getting file size for C:\Certbot\log\letsencrypt.log.170: EPERM: operation not permitted, stat 'C:\Certbot\log\letsencrypt.log.170'
[2024-09-20T10:19:23.535Z] Error getting file size for C:\Certbot\log\letsencrypt.log.169: EPERM: operation not permitted, stat 'C:\Certbot\log\letsencrypt.log.169'
[2024-09-20T10:19:23.535Z] Error getting file size for C:\Certbot\log\letsencrypt.log.171: EPERM: operation not permitted, stat 'C:\Certbot\log\letsencrypt.log.171'
[2024-09-20T10:19:23.535Z] Error getting file size for C:\Certbot\log\letsencrypt.log.174: EPERM: operation not permitted, stat 'C:\Certbot\log\letsencrypt.log.174'
[2024-09-20T10:19:23.535Z] Error getting file size for C:\Certbot\log\letsencrypt.log.177: EPERM: operation not permitted, stat 'C:\Certbot\log\letsencrypt.log.177'
[2024-09-20T10:19:23.535Z] Error getting file size for C:\Certbot\log\letsencrypt.log.175: EPERM: operation not permitted, stat 'C:\Certbot\log\letsencrypt.log.175'
[2024-09-20T10:19:23.536Z] Error getting file size for C:\Certbot\log\letsencrypt.log.178: EPERM: operation not permitted, stat 'C:\Certbot\log\letsencrypt.log.178'
[2024-09-20T10:19:23.535Z] Error getting file size for C:\Certbot\log\letsencrypt.log.176: EPERM: operation not permitted, stat 'C:\Certbot\log\letsencrypt.log.176'
[2024-09-20T10:19:23.536Z] Error getting file size for C:\Certbot\log\letsencrypt.log.2: EPERM: operation not permitted, stat 'C:\Certbot\log\letsencrypt.log.2'
[2024-09-20T10:19:23.536Z] Error getting file size for C:\Certbot\log\letsencrypt.log.18: EPERM: operation not permitted, stat 'C:\Certbot\log\letsencrypt.log.18'
[2024-09-20T10:19:23.536Z] Error getting file size for C:\Certbot\log\letsencrypt.log.19: EPERM: operation not permitted, stat 'C:\Certbot\log\letsencrypt.log.19'
[2024-09-20T10:19:23.536Z] Error getting file size for C:\Certbot\log\letsencrypt.log.20: EPERM: operation not permitted, stat 'C:\Certbot\log\letsencrypt.log.20'
[2024-09-20T10:19:23.536Z] Error getting file size for C:\Certbot\log\letsencrypt.log.22: EPERM: operation not permitted, stat 'C:\Certbot\log\letsencrypt.log.22'
[2024-09-20T10:19:23.536Z] Error getting file size for C:\Certbot\log\letsencrypt.log.23: EPERM: operation not permitted, stat 'C:\Certbot\log\letsencrypt.log.23'
[2024-09-20T10:19:23.536Z] Error getting file size for C:\Certbot\log\letsencrypt.log.25: EPERM: operation not permitted, stat 'C:\Certbot\log\letsencrypt.log.25'
[2024-09-20T10:19:23.536Z] Error getting file size for C:\Certbot\log\letsencrypt.log.24: EPERM: operation not permitted, stat 'C:\Certbot\log\letsencrypt.log.24'
[2024-09-20T10:19:23.536Z] Error getting file size for C:\Certbot\log\letsencrypt.log.26: EPERM: operation not permitted, stat 'C:\Certbot\log\letsencrypt.log.26'
[2024-09-20T10:19:23.536Z] Error getting file size for C:\Certbot\log\letsencrypt.log.28: EPERM: operation not permitted, stat 'C:\Certbot\log\letsencrypt.log.28'
[2024-09-20T10:19:23.536Z] Error getting file size for C:\Certbot\log\letsencrypt.log.21: EPERM: operation not permitted, stat 'C:\Certbot\log\letsencrypt.log.21'
[2024-09-20T10:19:23.536Z] Error getting file size for C:\Certbot\log\letsencrypt.log.29: EPERM: operation not permitted, stat 'C:\Certbot\log\letsencrypt.log.29'
[2024-09-20T10:19:23.536Z] Error getting file size for C:\Certbot\log\letsencrypt.log.3: EPERM: operation not permitted, stat 'C:\Certbot\log\letsencrypt.log.3'
[2024-09-20T10:19:23.536Z] Error getting file size for C:\Certbot\log\letsencrypt.log.27: EPERM: operation not permitted, stat 'C:\Certbot\log\letsencrypt.log.27'
[2024-09-20T10:19:23.536Z] Error getting file size for C:\Certbot\log\letsencrypt.log.33: EPERM: operation not permitted, stat 'C:\Certbot\log\letsencrypt.log.33'
[2024-09-20T10:19:23.536Z] Error getting file size for C:\Certbot\log\letsencrypt.log.31: EPERM: operation not permitted, stat 'C:\Certbot\log\letsencrypt.log.31'
[2024-09-20T10:19:23.536Z] Error getting file size for C:\Certbot\log\letsencrypt.log.32: EPERM: operation not permitted, stat 'C:\Certbot\log\letsencrypt.log.32'
[2024-09-20T10:19:23.536Z] Error getting file size for C:\Certbot\log\letsencrypt.log.30: EPERM: operation not permitted, stat 'C:\Certbot\log\letsencrypt.log.30'
[2024-09-20T10:19:23.536Z] Error getting file size for C:\Certbot\log\letsencrypt.log.34: EPERM: operation not permitted, stat 'C:\Certbot\log\letsencrypt.log.34'
[2024-09-20T10:19:23.536Z] Error getting file size for C:\Certbot\log\letsencrypt.log.35: EPERM: operation not permitted, stat 'C:\Certbot\log\letsencrypt.log.35'
[2024-09-20T10:19:23.536Z] Error getting file size for C:\Certbot\log\letsencrypt.log.38: EPERM: operation not permitted, stat 'C:\Certbot\log\letsencrypt.log.38'
[2024-09-20T10:19:23.536Z] Error getting file size for C:\Certbot\log\letsencrypt.log.36: EPERM: operation not permitted, stat 'C:\Certbot\log\letsencrypt.log.36'
[2024-09-20T10:19:23.537Z] Error getting file size for C:\Certbot\log\letsencrypt.log.37: EPERM: operation not permitted, stat 'C:\Certbot\log\letsencrypt.log.37'
[2024-09-20T10:19:23.537Z] Error getting file size for C:\Certbot\log\letsencrypt.log.39: EPERM: operation not permitted, stat 'C:\Certbot\log\letsencrypt.log.39'
[2024-09-20T10:19:23.537Z] Error getting file size for C:\Certbot\log\letsencrypt.log.42: EPERM: operation not permitted, stat 'C:\Certbot\log\letsencrypt.log.42'
[2024-09-20T10:19:23.537Z] Error getting file size for C:\Certbot\log\letsencrypt.log.4: EPERM: operation not permitted, stat 'C:\Certbot\log\letsencrypt.log.4'
[2024-09-20T10:19:23.537Z] Error getting file size for C:\Certbot\log\letsencrypt.log.41: EPERM: operation not permitted, stat 'C:\Certbot\log\letsencrypt.log.41'
[2024-09-20T10:19:23.537Z] Error getting file size for C:\Certbot\log\letsencrypt.log.40: EPERM: operation not permitted, stat 'C:\Certbot\log\letsencrypt.log.40'
[2024-09-20T10:19:23.537Z] Error getting file size for C:\Certbot\log\letsencrypt.log.43: EPERM: operation not permitted, stat 'C:\Certbot\log\letsencrypt.log.43'
[2024-09-20T10:19:23.537Z] Error getting file size for C:\Certbot\log\letsencrypt.log.46: EPERM: operation not permitted, stat 'C:\Certbot\log\letsencrypt.log.46'
[2024-09-20T10:19:23.537Z] Error getting file size for C:\Certbot\log\letsencrypt.log.48: EPERM: operation not permitted, stat 'C:\Certbot\log\letsencrypt.log.48'
[2024-09-20T10:19:23.537Z] Error getting file size for C:\Certbot\log\letsencrypt.log.45: EPERM: operation not permitted, stat 'C:\Certbot\log\letsencrypt.log.45'
[2024-09-20T10:19:23.537Z] Error getting file size for C:\Certbot\log\letsencrypt.log.47: EPERM: operation not permitted, stat 'C:\Certbot\log\letsencrypt.log.47'
[2024-09-20T10:19:23.537Z] Error getting file size for C:\Certbot\log\letsencrypt.log.44: EPERM: operation not permitted, stat 'C:\Certbot\log\letsencrypt.log.44'
[2024-09-20T10:19:23.537Z] Error getting file size for C:\Certbot\log\letsencrypt.log.49: EPERM: operation not permitted, stat 'C:\Certbot\log\letsencrypt.log.49'
[2024-09-20T10:19:23.537Z] Error getting file size for C:\Certbot\log\letsencrypt.log.5: EPERM: operation not permitted, stat 'C:\Certbot\log\letsencrypt.log.5'
[2024-09-20T10:19:23.537Z] Error getting file size for C:\Certbot\log\letsencrypt.log.52: EPERM: operation not permitted, stat 'C:\Certbot\log\letsencrypt.log.52'
[2024-09-20T10:19:23.537Z] Error getting file size for C:\Certbot\log\letsencrypt.log.54: EPERM: operation not permitted, stat 'C:\Certbot\log\letsencrypt.log.54'
[2024-09-20T10:19:23.537Z] Error getting file size for C:\Certbot\log\letsencrypt.log.53: EPERM: operation not permitted, stat 'C:\Certbot\log\letsencrypt.log.53'
[2024-09-20T10:19:23.537Z] Error getting file size for C:\Certbot\log\letsencrypt.log.50: EPERM: operation not permitted, stat 'C:\Certbot\log\letsencrypt.log.50'
[2024-09-20T10:19:23.537Z] Error getting file size for C:\Certbot\log\letsencrypt.log.51: EPERM: operation not permitted, stat 'C:\Certbot\log\letsencrypt.log.51'
[2024-09-20T10:19:23.537Z] Error getting file size for C:\Certbot\log\letsencrypt.log.55: EPERM: operation not permitted, stat 'C:\Certbot\log\letsencrypt.log.55'
[2024-09-20T10:19:23.537Z] Error getting file size for C:\Certbot\log\letsencrypt.log.57: EPERM: operation not permitted, stat 'C:\Certbot\log\letsencrypt.log.57'
[2024-09-20T10:19:23.537Z] Error getting file size for C:\Certbot\log\letsencrypt.log.56: EPERM: operation not permitted, stat 'C:\Certbot\log\letsencrypt.log.56'
[2024-09-20T10:19:23.537Z] Error getting file size for C:\Certbot\log\letsencrypt.log.59: EPERM: operation not permitted, stat 'C:\Certbot\log\letsencrypt.log.59'
[2024-09-20T10:19:23.537Z] Error getting file size for C:\Certbot\log\letsencrypt.log.6: EPERM: operation not permitted, stat 'C:\Certbot\log\letsencrypt.log.6'
[2024-09-20T10:19:23.537Z] Error getting file size for C:\Certbot\log\letsencrypt.log.58: EPERM: operation not permitted, stat 'C:\Certbot\log\letsencrypt.log.58'
[2024-09-20T10:19:23.538Z] Error getting file size for C:\Certbot\log\letsencrypt.log.62: EPERM: operation not permitted, stat 'C:\Certbot\log\letsencrypt.log.62'
[2024-09-20T10:19:23.537Z] Error getting file size for C:\Certbot\log\letsencrypt.log.60: EPERM: operation not permitted, stat 'C:\Certbot\log\letsencrypt.log.60'
[2024-09-20T10:19:23.538Z] Error getting file size for C:\Certbot\log\letsencrypt.log.63: EPERM: operation not permitted, stat 'C:\Certbot\log\letsencrypt.log.63'
[2024-09-20T10:19:23.538Z] Error getting file size for C:\Certbot\log\letsencrypt.log.65: EPERM: operation not permitted, stat 'C:\Certbot\log\letsencrypt.log.65'
[2024-09-20T10:19:23.538Z] Error getting file size for C:\Certbot\log\letsencrypt.log.61: EPERM: operation not permitted, stat 'C:\Certbot\log\letsencrypt.log.61'
[2024-09-20T10:19:23.538Z] Error getting file size for C:\Certbot\log\letsencrypt.log.64: EPERM: operation not permitted, stat 'C:\Certbot\log\letsencrypt.log.64'
[2024-09-20T10:19:23.538Z] Error getting file size for C:\Certbot\log\letsencrypt.log.67: EPERM: operation not permitted, stat 'C:\Certbot\log\letsencrypt.log.67'
[2024-09-20T10:19:23.538Z] Error getting file size for C:\Certbot\log\letsencrypt.log.66: EPERM: operation not permitted, stat 'C:\Certbot\log\letsencrypt.log.66'
[2024-09-20T10:19:23.538Z] Error getting file size for C:\Certbot\log\letsencrypt.log.7: EPERM: operation not permitted, stat 'C:\Certbot\log\letsencrypt.log.7'
[2024-09-20T10:19:23.538Z] Error getting file size for C:\Certbot\log\letsencrypt.log.68: EPERM: operation not permitted, stat 'C:\Certbot\log\letsencrypt.log.68'
[2024-09-20T10:19:23.538Z] Error getting file size for C:\Certbot\log\letsencrypt.log.71: EPERM: operation not permitted, stat 'C:\Certbot\log\letsencrypt.log.71'
[2024-09-20T10:19:23.538Z] Error getting file size for C:\Certbot\log\letsencrypt.log.69: EPERM: operation not permitted, stat 'C:\Certbot\log\letsencrypt.log.69'
[2024-09-20T10:19:23.538Z] Error getting file size for C:\Certbot\log\letsencrypt.log.70: EPERM: operation not permitted, stat 'C:\Certbot\log\letsencrypt.log.70'
[2024-09-20T10:19:23.538Z] Error getting file size for C:\Certbot\log\letsencrypt.log.72: EPERM: operation not permitted, stat 'C:\Certbot\log\letsencrypt.log.72'
[2024-09-20T10:19:23.538Z] Error getting file size for C:\Certbot\log\letsencrypt.log.74: EPERM: operation not permitted, stat 'C:\Certbot\log\letsencrypt.log.74'
[2024-09-20T10:19:23.538Z] Error getting file size for C:\Certbot\log\letsencrypt.log.73: EPERM: operation not permitted, stat 'C:\Certbot\log\letsencrypt.log.73'
[2024-09-20T10:19:23.538Z] Error getting file size for C:\Certbot\log\letsencrypt.log.75: EPERM: operation not permitted, stat 'C:\Certbot\log\letsencrypt.log.75'
[2024-09-20T10:19:23.538Z] Error getting file size for C:\Certbot\log\letsencrypt.log.79: EPERM: operation not permitted, stat 'C:\Certbot\log\letsencrypt.log.79'
[2024-09-20T10:19:23.538Z] Error getting file size for C:\Certbot\log\letsencrypt.log.78: EPERM: operation not permitted, stat 'C:\Certbot\log\letsencrypt.log.78'
[2024-09-20T10:19:23.538Z] Error getting file size for C:\Certbot\log\letsencrypt.log.77: EPERM: operation not permitted, stat 'C:\Certbot\log\letsencrypt.log.77'
[2024-09-20T10:19:23.538Z] Error getting file size for C:\Certbot\log\letsencrypt.log.80: EPERM: operation not permitted, stat 'C:\Certbot\log\letsencrypt.log.80'
[2024-09-20T10:19:23.538Z] Error getting file size for C:\Certbot\log\letsencrypt.log.76: EPERM: operation not permitted, stat 'C:\Certbot\log\letsencrypt.log.76'
[2024-09-20T10:19:23.539Z] Error getting file size for C:\Certbot\log\letsencrypt.log.82: EPERM: operation not permitted, stat 'C:\Certbot\log\letsencrypt.log.82'
[2024-09-20T10:19:23.539Z] Error getting file size for C:\Certbot\log\letsencrypt.log.81: EPERM: operation not permitted, stat 'C:\Certbot\log\letsencrypt.log.81'
[2024-09-20T10:19:23.539Z] Error getting file size for C:\Certbot\log\letsencrypt.log.8: EPERM: operation not permitted, stat 'C:\Certbot\log\letsencrypt.log.8'
[2024-09-20T10:19:23.539Z] Error getting file size for C:\Certbot\log\letsencrypt.log.83: EPERM: operation not permitted, stat 'C:\Certbot\log\letsencrypt.log.83'
[2024-09-20T10:19:23.539Z] Error getting file size for C:\Certbot\log\letsencrypt.log.85: EPERM: operation not permitted, stat 'C:\Certbot\log\letsencrypt.log.85'
[2024-09-20T10:19:23.539Z] Error getting file size for C:\Certbot\log\letsencrypt.log.86: EPERM: operation not permitted, stat 'C:\Certbot\log\letsencrypt.log.86'
[2024-09-20T10:19:23.539Z] Error getting file size for C:\Certbot\log\letsencrypt.log.84: EPERM: operation not permitted, stat 'C:\Certbot\log\letsencrypt.log.84'
[2024-09-20T10:19:23.539Z] Error getting file size for C:\Certbot\log\letsencrypt.log.88: EPERM: operation not permitted, stat 'C:\Certbot\log\letsencrypt.log.88'
[2024-09-20T10:19:23.539Z] Error getting file size for C:\Certbot\log\letsencrypt.log.91: EPERM: operation not permitted, stat 'C:\Certbot\log\letsencrypt.log.91'
[2024-09-20T10:19:23.539Z] Error getting file size for C:\Certbot\log\letsencrypt.log.89: EPERM: operation not permitted, stat 'C:\Certbot\log\letsencrypt.log.89'
[2024-09-20T10:19:23.539Z] Error getting file size for C:\Certbot\log\letsencrypt.log.90: EPERM: operation not permitted, stat 'C:\Certbot\log\letsencrypt.log.90'
[2024-09-20T10:19:23.539Z] Error getting file size for C:\Certbot\log\letsencrypt.log.9: EPERM: operation not permitted, stat 'C:\Certbot\log\letsencrypt.log.9'
[2024-09-20T10:19:23.539Z] Error getting file size for C:\Certbot\log\letsencrypt.log.87: EPERM: operation not permitted, stat 'C:\Certbot\log\letsencrypt.log.87'
[2024-09-20T10:19:23.539Z] Error getting file size for C:\Certbot\log\letsencrypt.log.92: EPERM: operation not permitted, stat 'C:\Certbot\log\letsencrypt.log.92'
[2024-09-20T10:19:23.539Z] Error getting file size for C:\Certbot\log\letsencrypt.log.93: EPERM: operation not permitted, stat 'C:\Certbot\log\letsencrypt.log.93'
[2024-09-20T10:19:23.539Z] Error getting file size for C:\Certbot\log\letsencrypt.log.96: EPERM: operation not permitted, stat 'C:\Certbot\log\letsencrypt.log.96'
[2024-09-20T10:19:23.539Z] Error getting file size for C:\Certbot\log\letsencrypt.log.95: EPERM: operation not permitted, stat 'C:\Certbot\log\letsencrypt.log.95'
[2024-09-20T10:19:23.539Z] Error getting file size for C:\Certbot\log\letsencrypt.log.97: EPERM: operation not permitted, stat 'C:\Certbot\log\letsencrypt.log.97'
[2024-09-20T10:19:23.539Z] Error getting file size for C:\Certbot\log\letsencrypt.log.98: EPERM: operation not permitted, stat 'C:\Certbot\log\letsencrypt.log.98'
[2024-09-20T10:19:23.539Z] Error getting file size for C:\Certbot\log\letsencrypt.log.99: EPERM: operation not permitted, stat 'C:\Certbot\log\letsencrypt.log.99'
[2024-09-20T10:19:23.539Z] Error getting file size for C:\Certbot\log\letsencrypt.log.94: EPERM: operation not permitted, stat 'C:\Certbot\log\letsencrypt.log.94'
[2024-09-20T10:19:23.877Z] Error accessing directory C:\ProgramData\Microsoft\Diagnosis: EPERM: operation not permitted, scandir 'C:\ProgramData\Microsoft\Diagnosis'
[2024-09-20T10:19:23.880Z] Error accessing directory C:\ProgramData\Microsoft\SmsRouter: EPERM: operation not permitted, scandir 'C:\ProgramData\Microsoft\SmsRouter'
[2024-09-20T10:19:23.880Z] Error accessing directory C:\ProgramData\Microsoft\Spectrum: EPERM: operation not permitted, scandir 'C:\ProgramData\Microsoft\Spectrum'
[2024-09-20T10:19:23.931Z] Error accessing directory C:\ProgramData\VMware\VMware USB Arbitration Service: EPERM: operation not permitted, scandir 'C:\ProgramData\VMware\VMware USB Arbitration Service'
[2024-09-20T10:19:24.135Z] Error accessing directory C:\Users\Svetl\Intel: EPERM: operation not permitted, scandir 'C:\Users\Svetl\Intel'
[2024-09-20T10:19:24.140Z] Error getting file size for C:\Certbot\archive\silver-service.com.ua\cert1.pem: EPERM: operation not permitted, stat 'C:\Certbot\archive\silver-service.com.ua\cert1.pem'
[2024-09-20T10:19:24.141Z] Error getting file size for C:\Certbot\archive\silver-service.com.ua\cert2.pem: EPERM: operation not permitted, stat 'C:\Certbot\archive\silver-service.com.ua\cert2.pem'
[2024-09-20T10:19:24.141Z] Error getting file size for C:\Certbot\archive\silver-service.com.ua\cert3.pem: EPERM: operation not permitted, stat 'C:\Certbot\archive\silver-service.com.ua\cert3.pem'
[2024-09-20T10:19:24.141Z] Error getting file size for C:\Certbot\archive\silver-service.com.ua\cert4.pem: EPERM: operation not permitted, stat 'C:\Certbot\archive\silver-service.com.ua\cert4.pem'
[2024-09-20T10:19:24.141Z] Error getting file size for C:\Certbot\archive\silver-service.com.ua\chain1.pem: EPERM: operation not permitted, stat 'C:\Certbot\archive\silver-service.com.ua\chain1.pem'
[2024-09-20T10:19:24.141Z] Error getting file size for C:\Certbot\archive\silver-service.com.ua\chain3.pem: EPERM: operation not permitted, stat 'C:\Certbot\archive\silver-service.com.ua\chain3.pem'
[2024-09-20T10:19:24.141Z] Error getting file size for C:\Certbot\archive\silver-service.com.ua\chain2.pem: EPERM: operation not permitted, stat 'C:\Certbot\archive\silver-service.com.ua\chain2.pem'
[2024-09-20T10:19:24.141Z] Error getting file size for C:\Certbot\archive\silver-service.com.ua\chain4.pem: EPERM: operation not permitted, stat 'C:\Certbot\archive\silver-service.com.ua\chain4.pem'
[2024-09-20T10:19:24.142Z] Error getting file size for C:\Certbot\archive\silver-service.com.ua\fullchain1.pem: EPERM: operation not permitted, stat 'C:\Certbot\archive\silver-service.com.ua\fullchain1.pem'
[2024-09-20T10:19:24.142Z] Error getting file size for C:\Certbot\archive\silver-service.com.ua\fullchain2.pem: EPERM: operation not permitted, stat 'C:\Certbot\archive\silver-service.com.ua\fullchain2.pem'
[2024-09-20T10:19:24.142Z] Error getting file size for C:\Certbot\archive\silver-service.com.ua\fullchain4.pem: EPERM: operation not permitted, stat 'C:\Certbot\archive\silver-service.com.ua\fullchain4.pem'
[2024-09-20T10:19:24.142Z] Error getting file size for C:\Certbot\archive\silver-service.com.ua\fullchain3.pem: EPERM: operation not permitted, stat 'C:\Certbot\archive\silver-service.com.ua\fullchain3.pem'
[2024-09-20T10:19:24.142Z] Error getting file size for C:\Certbot\archive\srv-sw2.silver-service.com.ua\cert1.pem: EPERM: operation not permitted, stat 'C:\Certbot\archive\srv-sw2.silver-service.com.ua\cert1.pem'
[2024-09-20T10:19:24.143Z] Error getting file size for C:\Certbot\archive\srv-sw2.silver-service.com.ua\cert2.pem: EPERM: operation not permitted, stat 'C:\Certbot\archive\srv-sw2.silver-service.com.ua\cert2.pem'
[2024-09-20T10:19:24.143Z] Error getting file size for C:\Certbot\archive\srv-sw2.silver-service.com.ua\cert4.pem: EPERM: operation not permitted, stat 'C:\Certbot\archive\srv-sw2.silver-service.com.ua\cert4.pem'
[2024-09-20T10:19:24.143Z] Error getting file size for C:\Certbot\archive\srv-sw2.silver-service.com.ua\cert3.pem: EPERM: operation not permitted, stat 'C:\Certbot\archive\srv-sw2.silver-service.com.ua\cert3.pem'
[2024-09-20T10:19:24.143Z] Error getting file size for C:\Certbot\archive\srv-sw2.silver-service.com.ua\chain1.pem: EPERM: operation not permitted, stat 'C:\Certbot\archive\srv-sw2.silver-service.com.ua\chain1.pem'
[2024-09-20T10:19:24.143Z] Error getting file size for C:\Certbot\archive\srv-sw2.silver-service.com.ua\chain2.pem: EPERM: operation not permitted, stat 'C:\Certbot\archive\srv-sw2.silver-service.com.ua\chain2.pem'
[2024-09-20T10:19:24.143Z] Error getting file size for C:\Certbot\archive\srv-sw2.silver-service.com.ua\chain3.pem: EPERM: operation not permitted, stat 'C:\Certbot\archive\srv-sw2.silver-service.com.ua\chain3.pem'
[2024-09-20T10:19:24.143Z] Error getting file size for C:\Certbot\archive\srv-sw2.silver-service.com.ua\chain4.pem: EPERM: operation not permitted, stat 'C:\Certbot\archive\srv-sw2.silver-service.com.ua\chain4.pem'
[2024-09-20T10:19:24.143Z] Error getting file size for C:\Certbot\archive\srv-sw2.silver-service.com.ua\fullchain1.pem: EPERM: operation not permitted, stat 'C:\Certbot\archive\srv-sw2.silver-service.com.ua\fullchain1.pem'
[2024-09-20T10:19:24.143Z] Error getting file size for C:\Certbot\archive\srv-sw2.silver-service.com.ua\fullchain2.pem: EPERM: operation not permitted, stat 'C:\Certbot\archive\srv-sw2.silver-service.com.ua\fullchain2.pem'
[2024-09-20T10:19:24.143Z] Error getting file size for C:\Certbot\archive\srv-sw2.silver-service.com.ua\fullchain3.pem: EPERM: operation not permitted, stat 'C:\Certbot\archive\srv-sw2.silver-service.com.ua\fullchain3.pem'
[2024-09-20T10:19:24.143Z] Error getting file size for C:\Certbot\archive\srv-sw2.silver-service.com.ua\fullchain4.pem: EPERM: operation not permitted, stat 'C:\Certbot\archive\srv-sw2.silver-service.com.ua\fullchain4.pem'
[2024-09-20T10:19:24.144Z] Error getting file size for C:\Certbot\archive\srv-ob.silver-service.com.ua\cert1.pem: EPERM: operation not permitted, stat 'C:\Certbot\archive\srv-ob.silver-service.com.ua\cert1.pem'
[2024-09-20T10:19:24.144Z] Error getting file size for C:\Certbot\archive\srv-ob.silver-service.com.ua\cert2.pem: EPERM: operation not permitted, stat 'C:\Certbot\archive\srv-ob.silver-service.com.ua\cert2.pem'
[2024-09-20T10:19:24.144Z] Error getting file size for C:\Certbot\archive\srv-ob.silver-service.com.ua\cert3.pem: EPERM: operation not permitted, stat 'C:\Certbot\archive\srv-ob.silver-service.com.ua\cert3.pem'
[2024-09-20T10:19:24.144Z] Error getting file size for C:\Certbot\archive\srv-ob.silver-service.com.ua\cert4.pem: EPERM: operation not permitted, stat 'C:\Certbot\archive\srv-ob.silver-service.com.ua\cert4.pem'
[2024-09-20T10:19:24.144Z] Error getting file size for C:\Certbot\archive\srv-ob.silver-service.com.ua\chain1.pem: EPERM: operation not permitted, stat 'C:\Certbot\archive\srv-ob.silver-service.com.ua\chain1.pem'
[2024-09-20T10:19:24.144Z] Error getting file size for C:\Certbot\archive\srv-ob.silver-service.com.ua\chain2.pem: EPERM: operation not permitted, stat 'C:\Certbot\archive\srv-ob.silver-service.com.ua\chain2.pem'
[2024-09-20T10:19:24.144Z] Error getting file size for C:\Certbot\archive\srv-ob.silver-service.com.ua\chain3.pem: EPERM: operation not permitted, stat 'C:\Certbot\archive\srv-ob.silver-service.com.ua\chain3.pem'
[2024-09-20T10:19:24.145Z] Error getting file size for C:\Certbot\archive\srv-ob.silver-service.com.ua\chain4.pem: EPERM: operation not permitted, stat 'C:\Certbot\archive\srv-ob.silver-service.com.ua\chain4.pem'
[2024-09-20T10:19:24.145Z] Error getting file size for C:\Certbot\archive\srv-ob.silver-service.com.ua\fullchain2.pem: EPERM: operation not permitted, stat 'C:\Certbot\archive\srv-ob.silver-service.com.ua\fullchain2.pem'
[2024-09-20T10:19:24.145Z] Error getting file size for C:\Certbot\archive\srv-ob.silver-service.com.ua\fullchain3.pem: EPERM: operation not permitted, stat 'C:\Certbot\archive\srv-ob.silver-service.com.ua\fullchain3.pem'
[2024-09-20T10:19:24.145Z] Error getting file size for C:\Certbot\archive\srv-ob.silver-service.com.ua\fullchain4.pem: EPERM: operation not permitted, stat 'C:\Certbot\archive\srv-ob.silver-service.com.ua\fullchain4.pem'
[2024-09-20T10:19:24.145Z] Error getting file size for C:\Certbot\archive\srv-ob.silver-service.com.ua\fullchain1.pem: EPERM: operation not permitted, stat 'C:\Certbot\archive\srv-ob.silver-service.com.ua\fullchain1.pem'
[2024-09-20T10:19:24.145Z] Error getting file size for C:\Certbot\live\silver-service.com.ua\README: EPERM: operation not permitted, stat 'C:\Certbot\live\silver-service.com.ua\README'
[2024-09-20T10:19:24.146Z] Error getting file size for C:\Certbot\live\srv-sw2.silver-service.com.ua\README: EPERM: operation not permitted, stat 'C:\Certbot\live\srv-sw2.silver-service.com.ua\README'
[2024-09-20T10:19:24.146Z] Error getting file size for C:\Certbot\live\srv-ob.silver-service.com.ua\README: EPERM: operation not permitted, stat 'C:\Certbot\live\srv-ob.silver-service.com.ua\README'
[2024-09-20T10:19:24.676Z] Error accessing directory C:\ProgramData\Microsoft\Crypto\SystemKeys: EPERM: operation not permitted, scandir 'C:\ProgramData\Microsoft\Crypto\SystemKeys'
[2024-09-20T10:19:24.686Z] Error accessing directory C:\ProgramData\Microsoft\NetFramework\BreadcrumbStore: EPERM: operation not permitted, scandir 'C:\ProgramData\Microsoft\NetFramework\BreadcrumbStore'
[2024-09-20T10:19:24.686Z] Error accessing directory C:\ProgramData\Microsoft\Network\Downloader: EPERM: operation not permitted, scandir 'C:\ProgramData\Microsoft\Network\Downloader'
[2024-09-20T10:19:24.686Z] Error accessing directory C:\ProgramData\Microsoft\Search\Data: EPERM: operation not permitted, scandir 'C:\ProgramData\Microsoft\Search\Data'
[2024-09-20T10:19:24.686Z] Error accessing directory C:\ProgramData\Microsoft\Provisioning\AssetCache: EPERM: operation not permitted, scandir 'C:\ProgramData\Microsoft\Provisioning\AssetCache'
[2024-09-20T10:19:24.691Z] Error getting file size for C:\ProgramData\Microsoft\User Account Pictures\defaultuser0.dat: EPERM: operation not permitted, stat 'C:\ProgramData\Microsoft\User Account Pictures\defaultuser0.dat'
[2024-09-20T10:19:24.691Z] Error getting file size for C:\ProgramData\Microsoft\User Account Pictures\NT SERVICE+SQLTELEMETRY.dat: EPERM: operation not permitted, stat 'C:\ProgramData\Microsoft\User Account Pictures\NT SERVICE+SQLTELEMETRY.dat'
[2024-09-20T10:19:24.691Z] Error getting file size for C:\ProgramData\Microsoft\User Account Pictures\NT SERVICE+MSSQLSERVER.dat: EPERM: operation not permitted, stat 'C:\ProgramData\Microsoft\User Account Pictures\NT SERVICE+MSSQLSERVER.dat'
[2024-09-20T10:19:24.691Z] Error getting file size for C:\ProgramData\Microsoft\User Account Pictures\USR1CV8.dat: EPERM: operation not permitted, stat 'C:\ProgramData\Microsoft\User Account Pictures\USR1CV8.dat'
[2024-09-20T10:19:24.691Z] Error accessing directory C:\ProgramData\Microsoft\Windows Defender\Clean Store: EPERM: operation not permitted, scandir 'C:\ProgramData\Microsoft\Windows Defender\Clean Store'
[2024-09-20T10:19:24.692Z] Error accessing directory C:\ProgramData\Microsoft\Windows Defender\DLPCache: EPERM: operation not permitted, scandir 'C:\ProgramData\Microsoft\Windows Defender\DLPCache'
[2024-09-20T10:19:24.692Z] Error accessing directory C:\ProgramData\Microsoft\Windows Defender\Features: EPERM: operation not permitted, scandir 'C:\ProgramData\Microsoft\Windows Defender\Features'
[2024-09-20T10:19:24.692Z] Error getting file size for C:\ProgramData\Microsoft\Windows Defender\IMpService77BDAF73-B396-481F-9042-AD358843EC24.lock: EPERM: operation not permitted, stat 'C:\ProgramData\Microsoft\Windows Defender\IMpService77BDAF73-B396-481F-9042-AD358843EC24.lock'
[2024-09-20T10:19:24.692Z] Error accessing directory C:\ProgramData\Microsoft\Windows Defender\LocalCopy: EPERM: operation not permitted, scandir 'C:\ProgramData\Microsoft\Windows Defender\LocalCopy'
[2024-09-20T10:19:24.692Z] Error accessing directory C:\ProgramData\Microsoft\Windows Defender\Network Inspection System: EPERM: operation not permitted, scandir 'C:\ProgramData\Microsoft\Windows Defender\Network Inspection System'
[2024-09-20T10:19:24.692Z] Error accessing directory C:\ProgramData\Microsoft\Windows Defender\Payloads: EPERM: operation not permitted, scandir 'C:\ProgramData\Microsoft\Windows Defender\Payloads'
[2024-09-20T10:19:24.692Z] Error accessing directory C:\ProgramData\Microsoft\Windows Defender\Quarantine: EPERM: operation not permitted, scandir 'C:\ProgramData\Microsoft\Windows Defender\Quarantine'
[2024-09-20T10:19:24.693Z] Error accessing directory C:\ProgramData\Microsoft\Windows Defender\Scans: EPERM: operation not permitted, scandir 'C:\ProgramData\Microsoft\Windows Defender\Scans'
[2024-09-20T10:19:24.693Z] Error accessing directory C:\ProgramData\Microsoft\Windows Defender\Support: EPERM: operation not permitted, scandir 'C:\ProgramData\Microsoft\Windows Defender\Support'
[2024-09-20T10:19:24.731Z] Error accessing directory C:\ProgramData\Microsoft\Windows Defender Advanced Threat Protection\Cache: EPERM: operation not permitted, scandir 'C:\ProgramData\Microsoft\Windows Defender Advanced Threat Protection\Cache'
[2024-09-20T10:19:24.731Z] Error accessing directory C:\ProgramData\Microsoft\Windows Defender Advanced Threat Protection\Cyber: EPERM: operation not permitted, scandir 'C:\ProgramData\Microsoft\Windows Defender Advanced Threat Protection\Cyber'
[2024-09-20T10:19:24.731Z] Error accessing directory C:\ProgramData\Microsoft\Windows Defender Advanced Threat Protection\DataCollection: EPERM: operation not permitted, scandir 'C:\ProgramData\Microsoft\Windows Defender Advanced Threat Protection\DataCollection'
[2024-09-20T10:19:24.731Z] Error accessing directory C:\ProgramData\Microsoft\Windows Defender Advanced Threat Protection\DLP: EPERM: operation not permitted, scandir 'C:\ProgramData\Microsoft\Windows Defender Advanced Threat Protection\DLP'
[2024-09-20T10:19:24.731Z] Error accessing directory C:\ProgramData\Microsoft\Windows Defender Advanced Threat Protection\Downloads: EPERM: operation not permitted, scandir 'C:\ProgramData\Microsoft\Windows Defender Advanced Threat Protection\Downloads'
[2024-09-20T10:19:24.731Z] Error accessing directory C:\ProgramData\Microsoft\Windows Defender Advanced Threat Protection\Platform: EPERM: operation not permitted, scandir 'C:\ProgramData\Microsoft\Windows Defender Advanced Threat Protection\Platform'
[2024-09-20T10:19:24.731Z] Error accessing directory C:\ProgramData\Microsoft\Windows Defender Advanced Threat Protection\SenseCM: EPERM: operation not permitted, scandir 'C:\ProgramData\Microsoft\Windows Defender Advanced Threat Protection\SenseCM'
[2024-09-20T10:19:24.731Z] Error accessing directory C:\ProgramData\Microsoft\Windows Defender Advanced Threat Protection\SenseNDR: EPERM: operation not permitted, scandir 'C:\ProgramData\Microsoft\Windows Defender Advanced Threat Protection\SenseNDR'
[2024-09-20T10:19:24.732Z] Error accessing directory C:\ProgramData\Microsoft\Windows Defender Advanced Threat Protection\Trace: EPERM: operation not permitted, scandir 'C:\ProgramData\Microsoft\Windows Defender Advanced Threat Protection\Trace'
[2024-09-20T10:19:27.502Z] Error accessing directory C:\ProgramData\Microsoft\Crypto\PCPKSP\WindowsAIK: EPERM: operation not permitted, scandir 'C:\ProgramData\Microsoft\Crypto\PCPKSP\WindowsAIK'
[2024-09-20T10:19:27.502Z] Error getting file size for C:\ProgramData\Microsoft\Crypto\Keys\2b4ced19e45be521cb6e95978cc1cd91_e6b54026-555a-4e80-bbe4-341586e2165f: EPERM: operation not permitted, stat 'C:\ProgramData\Microsoft\Crypto\Keys\2b4ced19e45be521cb6e95978cc1cd91_e6b54026-555a-4e80-bbe4-341586e2165f'
[2024-09-20T10:19:27.502Z] Error accessing directory C:\ProgramData\Microsoft\Crypto\RSA\S-1-5-18: EPERM: operation not permitted, scandir 'C:\ProgramData\Microsoft\Crypto\RSA\S-1-5-18'
[2024-09-20T10:19:27.506Z] Error accessing directory C:\ProgramData\Microsoft\MapData\mapscache\BitsTemp: EPERM: operation not permitted, scandir 'C:\ProgramData\Microsoft\MapData\mapscache\BitsTemp'
[2024-09-20T10:19:27.576Z] Error accessing directory C:\ProgramData\Microsoft\Windows Defender Advanced Threat Protection\Temp\PSScriptOutputs: EPERM: operation not permitted, scandir 'C:\ProgramData\Microsoft\Windows Defender Advanced Threat Protection\Temp\PSScriptOutputs'
[2024-09-20T10:19:28.363Z] Error accessing directory C:\Users\Svetl\AppData\Local\ElevatedDiagnostics: EPERM: operation not permitted, scandir 'C:\Users\Svetl\AppData\Local\ElevatedDiagnostics'
[2024-09-20T10:19:28.718Z] Error getting file size for C:\Certbot\accounts\acme-v02.api.letsencrypt.org\directory\3dbefecbc32c92b64968dcd9efd54ca9\meta.json: EPERM: operation not permitted, stat 'C:\Certbot\accounts\acme-v02.api.letsencrypt.org\directory\3dbefecbc32c92b64968dcd9efd54ca9\meta.json'
[2024-09-20T10:19:28.718Z] Error getting file size for C:\Certbot\accounts\acme-v02.api.letsencrypt.org\directory\3dbefecbc32c92b64968dcd9efd54ca9\regr.json: EPERM: operation not permitted, stat 'C:\Certbot\accounts\acme-v02.api.letsencrypt.org\directory\3dbefecbc32c92b64968dcd9efd54ca9\regr.json'
[2024-09-20T10:19:29.948Z] Error getting file size for C:\ProgramData\Microsoft\Crypto\RSA\MachineKeys\8611a213f5b70b1e34075e880b4e7886_e6b54026-555a-4e80-bbe4-341586e2165f: EPERM: operation not permitted, stat 'C:\ProgramData\Microsoft\Crypto\RSA\MachineKeys\8611a213f5b70b1e34075e880b4e7886_e6b54026-555a-4e80-bbe4-341586e2165f'
[2024-09-20T10:19:31.472Z] Error accessing directory C:\Users\Svetl\AppData\Local\Temp\msdtadmin: EPERM: operation not permitted, scandir 'C:\Users\Svetl\AppData\Local\Temp\msdtadmin'
[2024-09-20T10:19:31.507Z] Error accessing directory C:\Users\Svetl\AppData\Local\Temp\VUK4CB5.tmp.dir: EPERM: operation not permitted, scandir 'C:\Users\Svetl\AppData\Local\Temp\VUK4CB5.tmp.dir'
[2024-09-20T10:19:31.508Z] Error accessing directory C:\Users\Svetl\AppData\Local\Temp\WinSAT: EPERM: operation not permitted, scandir 'C:\Users\Svetl\AppData\Local\Temp\WinSAT'
[2024-09-20T10:40:26.315Z] Error getting file size for C:\ProgramData\ntuser.pol: EPERM: operation not permitted, stat 'C:\ProgramData\ntuser.pol'
[2024-09-20T10:40:26.316Z] Error accessing directory C:\ProgramData\Packages: EPERM: operation not permitted, scandir 'C:\ProgramData\Packages'
[2024-09-20T10:40:26.334Z] Error accessing directory C:\ProgramData\WindowsHolographicDevices: EPERM: operation not permitted, scandir 'C:\ProgramData\WindowsHolographicDevices'
[2024-09-20T10:40:26.371Z] Error accessing directory C:\Users\USR1CV8: EPERM: operation not permitted, scandir 'C:\Users\USR1CV8'
[2024-09-20T10:40:26.380Z] Error getting file size for C:\Certbot\live\README: EPERM: operation not permitted, stat 'C:\Certbot\live\README'
[2024-09-20T10:40:26.381Z] Error getting file size for C:\Certbot\log\letsencrypt.log: EPERM: operation not permitted, stat 'C:\Certbot\log\letsencrypt.log'
[2024-09-20T10:40:26.381Z] Error getting file size for C:\Certbot\log\letsencrypt.log.1: EPERM: operation not permitted, stat 'C:\Certbot\log\letsencrypt.log.1'
[2024-09-20T10:40:26.381Z] Error getting file size for C:\Certbot\log\letsencrypt.log.10: EPERM: operation not permitted, stat 'C:\Certbot\log\letsencrypt.log.10'
[2024-09-20T10:40:26.381Z] Error getting file size for C:\Certbot\log\letsencrypt.log.101: EPERM: operation not permitted, stat 'C:\Certbot\log\letsencrypt.log.101'
[2024-09-20T10:40:26.381Z] Error getting file size for C:\Certbot\log\letsencrypt.log.100: EPERM: operation not permitted, stat 'C:\Certbot\log\letsencrypt.log.100'
[2024-09-20T10:40:26.381Z] Error getting file size for C:\Certbot\log\letsencrypt.log.102: EPERM: operation not permitted, stat 'C:\Certbot\log\letsencrypt.log.102'
[2024-09-20T10:40:26.381Z] Error getting file size for C:\Certbot\log\letsencrypt.log.103: EPERM: operation not permitted, stat 'C:\Certbot\log\letsencrypt.log.103'
[2024-09-20T10:40:26.381Z] Error getting file size for C:\Certbot\log\letsencrypt.log.104: EPERM: operation not permitted, stat 'C:\Certbot\log\letsencrypt.log.104'
[2024-09-20T10:40:26.381Z] Error getting file size for C:\Certbot\log\letsencrypt.log.105: EPERM: operation not permitted, stat 'C:\Certbot\log\letsencrypt.log.105'
[2024-09-20T10:40:26.382Z] Error getting file size for C:\Certbot\log\letsencrypt.log.106: EPERM: operation not permitted, stat 'C:\Certbot\log\letsencrypt.log.106'
[2024-09-20T10:40:26.382Z] Error getting file size for C:\Certbot\log\letsencrypt.log.108: EPERM: operation not permitted, stat 'C:\Certbot\log\letsencrypt.log.108'
[2024-09-20T10:40:26.382Z] Error getting file size for C:\Certbot\log\letsencrypt.log.107: EPERM: operation not permitted, stat 'C:\Certbot\log\letsencrypt.log.107'
[2024-09-20T10:40:26.382Z] Error getting file size for C:\Certbot\log\letsencrypt.log.109: EPERM: operation not permitted, stat 'C:\Certbot\log\letsencrypt.log.109'
[2024-09-20T10:40:26.382Z] Error getting file size for C:\Certbot\log\letsencrypt.log.11: EPERM: operation not permitted, stat 'C:\Certbot\log\letsencrypt.log.11'
[2024-09-20T10:40:26.382Z] Error getting file size for C:\Certbot\log\letsencrypt.log.110: EPERM: operation not permitted, stat 'C:\Certbot\log\letsencrypt.log.110'
[2024-09-20T10:40:26.382Z] Error getting file size for C:\Certbot\log\letsencrypt.log.111: EPERM: operation not permitted, stat 'C:\Certbot\log\letsencrypt.log.111'
[2024-09-20T10:40:26.382Z] Error getting file size for C:\Certbot\log\letsencrypt.log.112: EPERM: operation not permitted, stat 'C:\Certbot\log\letsencrypt.log.112'
[2024-09-20T10:40:26.382Z] Error getting file size for C:\Certbot\log\letsencrypt.log.113: EPERM: operation not permitted, stat 'C:\Certbot\log\letsencrypt.log.113'
[2024-09-20T10:40:26.382Z] Error getting file size for C:\Certbot\log\letsencrypt.log.114: EPERM: operation not permitted, stat 'C:\Certbot\log\letsencrypt.log.114'
[2024-09-20T10:40:26.382Z] Error getting file size for C:\Certbot\log\letsencrypt.log.115: EPERM: operation not permitted, stat 'C:\Certbot\log\letsencrypt.log.115'
[2024-09-20T10:40:26.382Z] Error getting file size for C:\Certbot\log\letsencrypt.log.116: EPERM: operation not permitted, stat 'C:\Certbot\log\letsencrypt.log.116'
[2024-09-20T10:40:26.382Z] Error getting file size for C:\Certbot\log\letsencrypt.log.117: EPERM: operation not permitted, stat 'C:\Certbot\log\letsencrypt.log.117'
[2024-09-20T10:40:26.382Z] Error getting file size for C:\Certbot\log\letsencrypt.log.118: EPERM: operation not permitted, stat 'C:\Certbot\log\letsencrypt.log.118'
[2024-09-20T10:40:26.382Z] Error getting file size for C:\Certbot\log\letsencrypt.log.119: EPERM: operation not permitted, stat 'C:\Certbot\log\letsencrypt.log.119'
[2024-09-20T10:40:26.382Z] Error getting file size for C:\Certbot\log\letsencrypt.log.12: EPERM: operation not permitted, stat 'C:\Certbot\log\letsencrypt.log.12'
[2024-09-20T10:40:26.382Z] Error getting file size for C:\Certbot\log\letsencrypt.log.120: EPERM: operation not permitted, stat 'C:\Certbot\log\letsencrypt.log.120'
[2024-09-20T10:40:26.382Z] Error getting file size for C:\Certbot\log\letsencrypt.log.121: EPERM: operation not permitted, stat 'C:\Certbot\log\letsencrypt.log.121'
[2024-09-20T10:40:26.382Z] Error getting file size for C:\Certbot\log\letsencrypt.log.122: EPERM: operation not permitted, stat 'C:\Certbot\log\letsencrypt.log.122'
[2024-09-20T10:40:26.382Z] Error getting file size for C:\Certbot\log\letsencrypt.log.123: EPERM: operation not permitted, stat 'C:\Certbot\log\letsencrypt.log.123'
[2024-09-20T10:40:26.382Z] Error getting file size for C:\Certbot\log\letsencrypt.log.124: EPERM: operation not permitted, stat 'C:\Certbot\log\letsencrypt.log.124'
[2024-09-20T10:40:26.382Z] Error getting file size for C:\Certbot\log\letsencrypt.log.125: EPERM: operation not permitted, stat 'C:\Certbot\log\letsencrypt.log.125'
[2024-09-20T10:40:26.383Z] Error getting file size for C:\Certbot\log\letsencrypt.log.126: EPERM: operation not permitted, stat 'C:\Certbot\log\letsencrypt.log.126'
[2024-09-20T10:40:26.383Z] Error getting file size for C:\Certbot\log\letsencrypt.log.127: EPERM: operation not permitted, stat 'C:\Certbot\log\letsencrypt.log.127'
[2024-09-20T10:40:26.383Z] Error getting file size for C:\Certbot\log\letsencrypt.log.129: EPERM: operation not permitted, stat 'C:\Certbot\log\letsencrypt.log.129'
[2024-09-20T10:40:26.383Z] Error getting file size for C:\Certbot\log\letsencrypt.log.128: EPERM: operation not permitted, stat 'C:\Certbot\log\letsencrypt.log.128'
[2024-09-20T10:40:26.383Z] Error getting file size for C:\Certbot\log\letsencrypt.log.13: EPERM: operation not permitted, stat 'C:\Certbot\log\letsencrypt.log.13'
[2024-09-20T10:40:26.383Z] Error getting file size for C:\Certbot\log\letsencrypt.log.130: EPERM: operation not permitted, stat 'C:\Certbot\log\letsencrypt.log.130'
[2024-09-20T10:40:26.383Z] Error getting file size for C:\Certbot\log\letsencrypt.log.131: EPERM: operation not permitted, stat 'C:\Certbot\log\letsencrypt.log.131'
[2024-09-20T10:40:26.383Z] Error getting file size for C:\Certbot\log\letsencrypt.log.132: EPERM: operation not permitted, stat 'C:\Certbot\log\letsencrypt.log.132'
[2024-09-20T10:40:26.383Z] Error getting file size for C:\Certbot\log\letsencrypt.log.134: EPERM: operation not permitted, stat 'C:\Certbot\log\letsencrypt.log.134'
[2024-09-20T10:40:26.383Z] Error getting file size for C:\Certbot\log\letsencrypt.log.133: EPERM: operation not permitted, stat 'C:\Certbot\log\letsencrypt.log.133'
[2024-09-20T10:40:26.383Z] Error getting file size for C:\Certbot\log\letsencrypt.log.135: EPERM: operation not permitted, stat 'C:\Certbot\log\letsencrypt.log.135'
[2024-09-20T10:40:26.383Z] Error getting file size for C:\Certbot\log\letsencrypt.log.136: EPERM: operation not permitted, stat 'C:\Certbot\log\letsencrypt.log.136'
[2024-09-20T10:40:26.383Z] Error getting file size for C:\Certbot\log\letsencrypt.log.137: EPERM: operation not permitted, stat 'C:\Certbot\log\letsencrypt.log.137'
[2024-09-20T10:40:26.383Z] Error getting file size for C:\Certbot\log\letsencrypt.log.138: EPERM: operation not permitted, stat 'C:\Certbot\log\letsencrypt.log.138'
[2024-09-20T10:40:26.383Z] Error getting file size for C:\Certbot\log\letsencrypt.log.139: EPERM: operation not permitted, stat 'C:\Certbot\log\letsencrypt.log.139'
[2024-09-20T10:40:26.383Z] Error getting file size for C:\Certbot\log\letsencrypt.log.14: EPERM: operation not permitted, stat 'C:\Certbot\log\letsencrypt.log.14'
[2024-09-20T10:40:26.383Z] Error getting file size for C:\Certbot\log\letsencrypt.log.140: EPERM: operation not permitted, stat 'C:\Certbot\log\letsencrypt.log.140'
[2024-09-20T10:40:26.383Z] Error getting file size for C:\Certbot\log\letsencrypt.log.141: EPERM: operation not permitted, stat 'C:\Certbot\log\letsencrypt.log.141'
[2024-09-20T10:40:26.384Z] Error getting file size for C:\Certbot\log\letsencrypt.log.142: EPERM: operation not permitted, stat 'C:\Certbot\log\letsencrypt.log.142'
[2024-09-20T10:40:26.384Z] Error getting file size for C:\Certbot\log\letsencrypt.log.143: EPERM: operation not permitted, stat 'C:\Certbot\log\letsencrypt.log.143'
[2024-09-20T10:40:26.384Z] Error getting file size for C:\Certbot\log\letsencrypt.log.144: EPERM: operation not permitted, stat 'C:\Certbot\log\letsencrypt.log.144'
[2024-09-20T10:40:26.384Z] Error getting file size for C:\Certbot\log\letsencrypt.log.145: EPERM: operation not permitted, stat 'C:\Certbot\log\letsencrypt.log.145'
[2024-09-20T10:40:26.384Z] Error getting file size for C:\Certbot\log\letsencrypt.log.146: EPERM: operation not permitted, stat 'C:\Certbot\log\letsencrypt.log.146'
[2024-09-20T10:40:26.384Z] Error getting file size for C:\Certbot\log\letsencrypt.log.147: EPERM: operation not permitted, stat 'C:\Certbot\log\letsencrypt.log.147'
[2024-09-20T10:40:26.384Z] Error getting file size for C:\Certbot\log\letsencrypt.log.148: EPERM: operation not permitted, stat 'C:\Certbot\log\letsencrypt.log.148'
[2024-09-20T10:40:26.384Z] Error getting file size for C:\Certbot\log\letsencrypt.log.149: EPERM: operation not permitted, stat 'C:\Certbot\log\letsencrypt.log.149'
[2024-09-20T10:40:26.384Z] Error getting file size for C:\Certbot\log\letsencrypt.log.15: EPERM: operation not permitted, stat 'C:\Certbot\log\letsencrypt.log.15'
[2024-09-20T10:40:26.384Z] Error getting file size for C:\Certbot\log\letsencrypt.log.150: EPERM: operation not permitted, stat 'C:\Certbot\log\letsencrypt.log.150'
[2024-09-20T10:40:26.384Z] Error getting file size for C:\Certbot\log\letsencrypt.log.151: EPERM: operation not permitted, stat 'C:\Certbot\log\letsencrypt.log.151'
[2024-09-20T10:40:26.384Z] Error getting file size for C:\Certbot\log\letsencrypt.log.152: EPERM: operation not permitted, stat 'C:\Certbot\log\letsencrypt.log.152'
[2024-09-20T10:40:26.384Z] Error getting file size for C:\Certbot\log\letsencrypt.log.153: EPERM: operation not permitted, stat 'C:\Certbot\log\letsencrypt.log.153'
[2024-09-20T10:40:26.384Z] Error getting file size for C:\Certbot\log\letsencrypt.log.154: EPERM: operation not permitted, stat 'C:\Certbot\log\letsencrypt.log.154'
[2024-09-20T10:40:26.385Z] Error getting file size for C:\Certbot\log\letsencrypt.log.155: EPERM: operation not permitted, stat 'C:\Certbot\log\letsencrypt.log.155'
[2024-09-20T10:40:26.385Z] Error getting file size for C:\Certbot\log\letsencrypt.log.156: EPERM: operation not permitted, stat 'C:\Certbot\log\letsencrypt.log.156'
[2024-09-20T10:40:26.385Z] Error getting file size for C:\Certbot\log\letsencrypt.log.157: EPERM: operation not permitted, stat 'C:\Certbot\log\letsencrypt.log.157'
[2024-09-20T10:40:26.385Z] Error getting file size for C:\Certbot\log\letsencrypt.log.158: EPERM: operation not permitted, stat 'C:\Certbot\log\letsencrypt.log.158'
[2024-09-20T10:40:26.385Z] Error getting file size for C:\Certbot\log\letsencrypt.log.159: EPERM: operation not permitted, stat 'C:\Certbot\log\letsencrypt.log.159'
[2024-09-20T10:40:26.385Z] Error getting file size for C:\Certbot\log\letsencrypt.log.16: EPERM: operation not permitted, stat 'C:\Certbot\log\letsencrypt.log.16'
[2024-09-20T10:40:26.385Z] Error getting file size for C:\Certbot\log\letsencrypt.log.160: EPERM: operation not permitted, stat 'C:\Certbot\log\letsencrypt.log.160'
[2024-09-20T10:40:26.385Z] Error getting file size for C:\Certbot\log\letsencrypt.log.161: EPERM: operation not permitted, stat 'C:\Certbot\log\letsencrypt.log.161'
[2024-09-20T10:40:26.385Z] Error getting file size for C:\Certbot\log\letsencrypt.log.162: EPERM: operation not permitted, stat 'C:\Certbot\log\letsencrypt.log.162'
[2024-09-20T10:40:26.385Z] Error getting file size for C:\Certbot\log\letsencrypt.log.163: EPERM: operation not permitted, stat 'C:\Certbot\log\letsencrypt.log.163'
[2024-09-20T10:40:26.385Z] Error getting file size for C:\Certbot\log\letsencrypt.log.164: EPERM: operation not permitted, stat 'C:\Certbot\log\letsencrypt.log.164'
[2024-09-20T10:40:26.385Z] Error getting file size for C:\Certbot\log\letsencrypt.log.165: EPERM: operation not permitted, stat 'C:\Certbot\log\letsencrypt.log.165'
[2024-09-20T10:40:26.385Z] Error getting file size for C:\Certbot\log\letsencrypt.log.166: EPERM: operation not permitted, stat 'C:\Certbot\log\letsencrypt.log.166'
[2024-09-20T10:40:26.385Z] Error getting file size for C:\Certbot\log\letsencrypt.log.167: EPERM: operation not permitted, stat 'C:\Certbot\log\letsencrypt.log.167'
[2024-09-20T10:40:26.385Z] Error getting file size for C:\Certbot\log\letsencrypt.log.168: EPERM: operation not permitted, stat 'C:\Certbot\log\letsencrypt.log.168'
[2024-09-20T10:40:26.385Z] Error getting file size for C:\Certbot\log\letsencrypt.log.169: EPERM: operation not permitted, stat 'C:\Certbot\log\letsencrypt.log.169'
[2024-09-20T10:40:26.385Z] Error getting file size for C:\Certbot\log\letsencrypt.log.170: EPERM: operation not permitted, stat 'C:\Certbot\log\letsencrypt.log.170'
[2024-09-20T10:40:26.385Z] Error getting file size for C:\Certbot\log\letsencrypt.log.171: EPERM: operation not permitted, stat 'C:\Certbot\log\letsencrypt.log.171'
[2024-09-20T10:40:26.385Z] Error getting file size for C:\Certbot\log\letsencrypt.log.17: EPERM: operation not permitted, stat 'C:\Certbot\log\letsencrypt.log.17'
[2024-09-20T10:40:26.385Z] Error getting file size for C:\Certbot\log\letsencrypt.log.172: EPERM: operation not permitted, stat 'C:\Certbot\log\letsencrypt.log.172'
[2024-09-20T10:40:26.385Z] Error getting file size for C:\Certbot\log\letsencrypt.log.174: EPERM: operation not permitted, stat 'C:\Certbot\log\letsencrypt.log.174'
[2024-09-20T10:40:26.385Z] Error getting file size for C:\Certbot\log\letsencrypt.log.173: EPERM: operation not permitted, stat 'C:\Certbot\log\letsencrypt.log.173'
[2024-09-20T10:40:26.385Z] Error getting file size for C:\Certbot\log\letsencrypt.log.175: EPERM: operation not permitted, stat 'C:\Certbot\log\letsencrypt.log.175'
[2024-09-20T10:40:26.385Z] Error getting file size for C:\Certbot\log\letsencrypt.log.176: EPERM: operation not permitted, stat 'C:\Certbot\log\letsencrypt.log.176'
[2024-09-20T10:40:26.386Z] Error getting file size for C:\Certbot\log\letsencrypt.log.177: EPERM: operation not permitted, stat 'C:\Certbot\log\letsencrypt.log.177'
[2024-09-20T10:40:26.386Z] Error getting file size for C:\Certbot\log\letsencrypt.log.178: EPERM: operation not permitted, stat 'C:\Certbot\log\letsencrypt.log.178'
[2024-09-20T10:40:26.386Z] Error getting file size for C:\Certbot\log\letsencrypt.log.18: EPERM: operation not permitted, stat 'C:\Certbot\log\letsencrypt.log.18'
[2024-09-20T10:40:26.386Z] Error getting file size for C:\Certbot\log\letsencrypt.log.2: EPERM: operation not permitted, stat 'C:\Certbot\log\letsencrypt.log.2'
[2024-09-20T10:40:26.386Z] Error getting file size for C:\Certbot\log\letsencrypt.log.19: EPERM: operation not permitted, stat 'C:\Certbot\log\letsencrypt.log.19'
[2024-09-20T10:40:26.386Z] Error getting file size for C:\Certbot\log\letsencrypt.log.20: EPERM: operation not permitted, stat 'C:\Certbot\log\letsencrypt.log.20'
[2024-09-20T10:40:26.386Z] Error getting file size for C:\Certbot\log\letsencrypt.log.21: EPERM: operation not permitted, stat 'C:\Certbot\log\letsencrypt.log.21'
[2024-09-20T10:40:26.386Z] Error getting file size for C:\Certbot\log\letsencrypt.log.22: EPERM: operation not permitted, stat 'C:\Certbot\log\letsencrypt.log.22'
[2024-09-20T10:40:26.386Z] Error getting file size for C:\Certbot\log\letsencrypt.log.23: EPERM: operation not permitted, stat 'C:\Certbot\log\letsencrypt.log.23'
[2024-09-20T10:40:26.386Z] Error getting file size for C:\Certbot\log\letsencrypt.log.24: EPERM: operation not permitted, stat 'C:\Certbot\log\letsencrypt.log.24'
[2024-09-20T10:40:26.386Z] Error getting file size for C:\Certbot\log\letsencrypt.log.25: EPERM: operation not permitted, stat 'C:\Certbot\log\letsencrypt.log.25'
[2024-09-20T10:40:26.386Z] Error getting file size for C:\Certbot\log\letsencrypt.log.26: EPERM: operation not permitted, stat 'C:\Certbot\log\letsencrypt.log.26'
[2024-09-20T10:40:26.386Z] Error getting file size for C:\Certbot\log\letsencrypt.log.27: EPERM: operation not permitted, stat 'C:\Certbot\log\letsencrypt.log.27'
[2024-09-20T10:40:26.386Z] Error getting file size for C:\Certbot\log\letsencrypt.log.28: EPERM: operation not permitted, stat 'C:\Certbot\log\letsencrypt.log.28'
[2024-09-20T10:40:26.386Z] Error getting file size for C:\Certbot\log\letsencrypt.log.29: EPERM: operation not permitted, stat 'C:\Certbot\log\letsencrypt.log.29'
[2024-09-20T10:40:26.386Z] Error getting file size for C:\Certbot\log\letsencrypt.log.3: EPERM: operation not permitted, stat 'C:\Certbot\log\letsencrypt.log.3'
[2024-09-20T10:40:26.386Z] Error getting file size for C:\Certbot\log\letsencrypt.log.30: EPERM: operation not permitted, stat 'C:\Certbot\log\letsencrypt.log.30'
[2024-09-20T10:40:26.386Z] Error getting file size for C:\Certbot\log\letsencrypt.log.31: EPERM: operation not permitted, stat 'C:\Certbot\log\letsencrypt.log.31'
[2024-09-20T10:40:26.386Z] Error getting file size for C:\Certbot\log\letsencrypt.log.32: EPERM: operation not permitted, stat 'C:\Certbot\log\letsencrypt.log.32'
[2024-09-20T10:40:26.386Z] Error getting file size for C:\Certbot\log\letsencrypt.log.33: EPERM: operation not permitted, stat 'C:\Certbot\log\letsencrypt.log.33'
[2024-09-20T10:40:26.386Z] Error getting file size for C:\Certbot\log\letsencrypt.log.34: EPERM: operation not permitted, stat 'C:\Certbot\log\letsencrypt.log.34'
[2024-09-20T10:40:26.386Z] Error getting file size for C:\Certbot\log\letsencrypt.log.35: EPERM: operation not permitted, stat 'C:\Certbot\log\letsencrypt.log.35'
[2024-09-20T10:40:26.386Z] Error getting file size for C:\Certbot\log\letsencrypt.log.36: EPERM: operation not permitted, stat 'C:\Certbot\log\letsencrypt.log.36'
[2024-09-20T10:40:26.386Z] Error getting file size for C:\Certbot\log\letsencrypt.log.37: EPERM: operation not permitted, stat 'C:\Certbot\log\letsencrypt.log.37'
[2024-09-20T10:40:26.386Z] Error getting file size for C:\Certbot\log\letsencrypt.log.38: EPERM: operation not permitted, stat 'C:\Certbot\log\letsencrypt.log.38'
[2024-09-20T10:40:26.386Z] Error getting file size for C:\Certbot\log\letsencrypt.log.39: EPERM: operation not permitted, stat 'C:\Certbot\log\letsencrypt.log.39'
[2024-09-20T10:40:26.386Z] Error getting file size for C:\Certbot\log\letsencrypt.log.4: EPERM: operation not permitted, stat 'C:\Certbot\log\letsencrypt.log.4'
[2024-09-20T10:40:26.386Z] Error getting file size for C:\Certbot\log\letsencrypt.log.40: EPERM: operation not permitted, stat 'C:\Certbot\log\letsencrypt.log.40'
[2024-09-20T10:40:26.386Z] Error getting file size for C:\Certbot\log\letsencrypt.log.41: EPERM: operation not permitted, stat 'C:\Certbot\log\letsencrypt.log.41'
[2024-09-20T10:40:26.386Z] Error getting file size for C:\Certbot\log\letsencrypt.log.42: EPERM: operation not permitted, stat 'C:\Certbot\log\letsencrypt.log.42'
[2024-09-20T10:40:26.386Z] Error getting file size for C:\Certbot\log\letsencrypt.log.43: EPERM: operation not permitted, stat 'C:\Certbot\log\letsencrypt.log.43'
[2024-09-20T10:40:26.386Z] Error getting file size for C:\Certbot\log\letsencrypt.log.44: EPERM: operation not permitted, stat 'C:\Certbot\log\letsencrypt.log.44'
[2024-09-20T10:40:26.386Z] Error getting file size for C:\Certbot\log\letsencrypt.log.45: EPERM: operation not permitted, stat 'C:\Certbot\log\letsencrypt.log.45'
[2024-09-20T10:40:26.386Z] Error getting file size for C:\Certbot\log\letsencrypt.log.46: EPERM: operation not permitted, stat 'C:\Certbot\log\letsencrypt.log.46'
[2024-09-20T10:40:26.386Z] Error getting file size for C:\Certbot\log\letsencrypt.log.47: EPERM: operation not permitted, stat 'C:\Certbot\log\letsencrypt.log.47'
[2024-09-20T10:40:26.386Z] Error getting file size for C:\Certbot\log\letsencrypt.log.48: EPERM: operation not permitted, stat 'C:\Certbot\log\letsencrypt.log.48'
[2024-09-20T10:40:26.386Z] Error getting file size for C:\Certbot\log\letsencrypt.log.49: EPERM: operation not permitted, stat 'C:\Certbot\log\letsencrypt.log.49'
[2024-09-20T10:40:26.386Z] Error getting file size for C:\Certbot\log\letsencrypt.log.5: EPERM: operation not permitted, stat 'C:\Certbot\log\letsencrypt.log.5'
[2024-09-20T10:40:26.387Z] Error getting file size for C:\Certbot\log\letsencrypt.log.50: EPERM: operation not permitted, stat 'C:\Certbot\log\letsencrypt.log.50'
[2024-09-20T10:40:26.387Z] Error getting file size for C:\Certbot\log\letsencrypt.log.51: EPERM: operation not permitted, stat 'C:\Certbot\log\letsencrypt.log.51'
[2024-09-20T10:40:26.387Z] Error getting file size for C:\Certbot\log\letsencrypt.log.52: EPERM: operation not permitted, stat 'C:\Certbot\log\letsencrypt.log.52'
[2024-09-20T10:40:26.387Z] Error getting file size for C:\Certbot\log\letsencrypt.log.53: EPERM: operation not permitted, stat 'C:\Certbot\log\letsencrypt.log.53'
[2024-09-20T10:40:26.387Z] Error getting file size for C:\Certbot\log\letsencrypt.log.54: EPERM: operation not permitted, stat 'C:\Certbot\log\letsencrypt.log.54'
[2024-09-20T10:40:26.387Z] Error getting file size for C:\Certbot\log\letsencrypt.log.55: EPERM: operation not permitted, stat 'C:\Certbot\log\letsencrypt.log.55'
[2024-09-20T10:40:26.387Z] Error getting file size for C:\Certbot\log\letsencrypt.log.56: EPERM: operation not permitted, stat 'C:\Certbot\log\letsencrypt.log.56'
[2024-09-20T10:40:26.387Z] Error getting file size for C:\Certbot\log\letsencrypt.log.57: EPERM: operation not permitted, stat 'C:\Certbot\log\letsencrypt.log.57'
[2024-09-20T10:40:26.387Z] Error getting file size for C:\Certbot\log\letsencrypt.log.58: EPERM: operation not permitted, stat 'C:\Certbot\log\letsencrypt.log.58'
[2024-09-20T10:40:26.387Z] Error getting file size for C:\Certbot\log\letsencrypt.log.59: EPERM: operation not permitted, stat 'C:\Certbot\log\letsencrypt.log.59'
[2024-09-20T10:40:26.387Z] Error getting file size for C:\Certbot\log\letsencrypt.log.6: EPERM: operation not permitted, stat 'C:\Certbot\log\letsencrypt.log.6'
[2024-09-20T10:40:26.387Z] Error getting file size for C:\Certbot\log\letsencrypt.log.60: EPERM: operation not permitted, stat 'C:\Certbot\log\letsencrypt.log.60'
[2024-09-20T10:40:26.387Z] Error getting file size for C:\Certbot\log\letsencrypt.log.61: EPERM: operation not permitted, stat 'C:\Certbot\log\letsencrypt.log.61'
[2024-09-20T10:40:26.387Z] Error getting file size for C:\Certbot\log\letsencrypt.log.62: EPERM: operation not permitted, stat 'C:\Certbot\log\letsencrypt.log.62'
[2024-09-20T10:40:26.387Z] Error getting file size for C:\Certbot\log\letsencrypt.log.64: EPERM: operation not permitted, stat 'C:\Certbot\log\letsencrypt.log.64'
[2024-09-20T10:40:26.387Z] Error getting file size for C:\Certbot\log\letsencrypt.log.63: EPERM: operation not permitted, stat 'C:\Certbot\log\letsencrypt.log.63'
[2024-09-20T10:40:26.387Z] Error getting file size for C:\Certbot\log\letsencrypt.log.65: EPERM: operation not permitted, stat 'C:\Certbot\log\letsencrypt.log.65'
[2024-09-20T10:40:26.387Z] Error getting file size for C:\Certbot\log\letsencrypt.log.66: EPERM: operation not permitted, stat 'C:\Certbot\log\letsencrypt.log.66'
[2024-09-20T10:40:26.387Z] Error getting file size for C:\Certbot\log\letsencrypt.log.67: EPERM: operation not permitted, stat 'C:\Certbot\log\letsencrypt.log.67'
[2024-09-20T10:40:26.387Z] Error getting file size for C:\Certbot\log\letsencrypt.log.68: EPERM: operation not permitted, stat 'C:\Certbot\log\letsencrypt.log.68'
[2024-09-20T10:40:26.387Z] Error getting file size for C:\Certbot\log\letsencrypt.log.69: EPERM: operation not permitted, stat 'C:\Certbot\log\letsencrypt.log.69'
[2024-09-20T10:40:26.387Z] Error getting file size for C:\Certbot\log\letsencrypt.log.7: EPERM: operation not permitted, stat 'C:\Certbot\log\letsencrypt.log.7'
[2024-09-20T10:40:26.387Z] Error getting file size for C:\Certbot\log\letsencrypt.log.70: EPERM: operation not permitted, stat 'C:\Certbot\log\letsencrypt.log.70'
[2024-09-20T10:40:26.387Z] Error getting file size for C:\Certbot\log\letsencrypt.log.71: EPERM: operation not permitted, stat 'C:\Certbot\log\letsencrypt.log.71'
[2024-09-20T10:40:26.387Z] Error getting file size for C:\Certbot\log\letsencrypt.log.72: EPERM: operation not permitted, stat 'C:\Certbot\log\letsencrypt.log.72'
[2024-09-20T10:40:26.387Z] Error getting file size for C:\Certbot\log\letsencrypt.log.73: EPERM: operation not permitted, stat 'C:\Certbot\log\letsencrypt.log.73'
[2024-09-20T10:40:26.387Z] Error getting file size for C:\Certbot\log\letsencrypt.log.74: EPERM: operation not permitted, stat 'C:\Certbot\log\letsencrypt.log.74'
[2024-09-20T10:40:26.387Z] Error getting file size for C:\Certbot\log\letsencrypt.log.75: EPERM: operation not permitted, stat 'C:\Certbot\log\letsencrypt.log.75'
[2024-09-20T10:40:26.387Z] Error getting file size for C:\Certbot\log\letsencrypt.log.76: EPERM: operation not permitted, stat 'C:\Certbot\log\letsencrypt.log.76'
[2024-09-20T10:40:26.387Z] Error getting file size for C:\Certbot\log\letsencrypt.log.77: EPERM: operation not permitted, stat 'C:\Certbot\log\letsencrypt.log.77'
[2024-09-20T10:40:26.387Z] Error getting file size for C:\Certbot\log\letsencrypt.log.78: EPERM: operation not permitted, stat 'C:\Certbot\log\letsencrypt.log.78'
[2024-09-20T10:40:26.387Z] Error getting file size for C:\Certbot\log\letsencrypt.log.79: EPERM: operation not permitted, stat 'C:\Certbot\log\letsencrypt.log.79'
[2024-09-20T10:40:26.387Z] Error getting file size for C:\Certbot\log\letsencrypt.log.8: EPERM: operation not permitted, stat 'C:\Certbot\log\letsencrypt.log.8'
[2024-09-20T10:40:26.387Z] Error getting file size for C:\Certbot\log\letsencrypt.log.80: EPERM: operation not permitted, stat 'C:\Certbot\log\letsencrypt.log.80'
[2024-09-20T10:40:26.387Z] Error getting file size for C:\Certbot\log\letsencrypt.log.81: EPERM: operation not permitted, stat 'C:\Certbot\log\letsencrypt.log.81'
[2024-09-20T10:40:26.388Z] Error getting file size for C:\Certbot\log\letsencrypt.log.82: EPERM: operation not permitted, stat 'C:\Certbot\log\letsencrypt.log.82'
[2024-09-20T10:40:26.388Z] Error getting file size for C:\Certbot\log\letsencrypt.log.83: EPERM: operation not permitted, stat 'C:\Certbot\log\letsencrypt.log.83'
[2024-09-20T10:40:26.388Z] Error getting file size for C:\Certbot\log\letsencrypt.log.84: EPERM: operation not permitted, stat 'C:\Certbot\log\letsencrypt.log.84'
[2024-09-20T10:40:26.388Z] Error getting file size for C:\Certbot\log\letsencrypt.log.85: EPERM: operation not permitted, stat 'C:\Certbot\log\letsencrypt.log.85'
[2024-09-20T10:40:26.388Z] Error getting file size for C:\Certbot\log\letsencrypt.log.86: EPERM: operation not permitted, stat 'C:\Certbot\log\letsencrypt.log.86'
[2024-09-20T10:40:26.388Z] Error getting file size for C:\Certbot\log\letsencrypt.log.87: EPERM: operation not permitted, stat 'C:\Certbot\log\letsencrypt.log.87'
[2024-09-20T10:40:26.388Z] Error getting file size for C:\Certbot\log\letsencrypt.log.88: EPERM: operation not permitted, stat 'C:\Certbot\log\letsencrypt.log.88'
[2024-09-20T10:40:26.388Z] Error getting file size for C:\Certbot\log\letsencrypt.log.89: EPERM: operation not permitted, stat 'C:\Certbot\log\letsencrypt.log.89'
[2024-09-20T10:40:26.388Z] Error getting file size for C:\Certbot\log\letsencrypt.log.9: EPERM: operation not permitted, stat 'C:\Certbot\log\letsencrypt.log.9'
[2024-09-20T10:40:26.388Z] Error getting file size for C:\Certbot\log\letsencrypt.log.90: EPERM: operation not permitted, stat 'C:\Certbot\log\letsencrypt.log.90'
[2024-09-20T10:40:26.388Z] Error getting file size for C:\Certbot\log\letsencrypt.log.91: EPERM: operation not permitted, stat 'C:\Certbot\log\letsencrypt.log.91'
[2024-09-20T10:40:26.388Z] Error getting file size for C:\Certbot\log\letsencrypt.log.92: EPERM: operation not permitted, stat 'C:\Certbot\log\letsencrypt.log.92'
[2024-09-20T10:40:26.388Z] Error getting file size for C:\Certbot\log\letsencrypt.log.93: EPERM: operation not permitted, stat 'C:\Certbot\log\letsencrypt.log.93'
[2024-09-20T10:40:26.388Z] Error getting file size for C:\Certbot\log\letsencrypt.log.94: EPERM: operation not permitted, stat 'C:\Certbot\log\letsencrypt.log.94'
[2024-09-20T10:40:26.388Z] Error getting file size for C:\Certbot\log\letsencrypt.log.95: EPERM: operation not permitted, stat 'C:\Certbot\log\letsencrypt.log.95'
[2024-09-20T10:40:26.388Z] Error getting file size for C:\Certbot\log\letsencrypt.log.96: EPERM: operation not permitted, stat 'C:\Certbot\log\letsencrypt.log.96'
[2024-09-20T10:40:26.388Z] Error getting file size for C:\Certbot\log\letsencrypt.log.97: EPERM: operation not permitted, stat 'C:\Certbot\log\letsencrypt.log.97'
[2024-09-20T10:40:26.388Z] Error getting file size for C:\Certbot\log\letsencrypt.log.98: EPERM: operation not permitted, stat 'C:\Certbot\log\letsencrypt.log.98'
[2024-09-20T10:40:26.388Z] Error getting file size for C:\Certbot\log\letsencrypt.log.99: EPERM: operation not permitted, stat 'C:\Certbot\log\letsencrypt.log.99'
[2024-09-20T10:40:26.711Z] Error accessing directory C:\ProgramData\Microsoft\Diagnosis: EPERM: operation not permitted, scandir 'C:\ProgramData\Microsoft\Diagnosis'
[2024-09-20T10:40:26.715Z] Error accessing directory C:\ProgramData\Microsoft\SmsRouter: EPERM: operation not permitted, scandir 'C:\ProgramData\Microsoft\SmsRouter'
[2024-09-20T10:40:26.715Z] Error accessing directory C:\ProgramData\Microsoft\Spectrum: EPERM: operation not permitted, scandir 'C:\ProgramData\Microsoft\Spectrum'
[2024-09-20T10:40:26.752Z] Error accessing directory C:\ProgramData\VMware\VMware USB Arbitration Service: EPERM: operation not permitted, scandir 'C:\ProgramData\VMware\VMware USB Arbitration Service'
[2024-09-20T10:40:26.951Z] Error accessing directory C:\Users\Svetl\Intel: EPERM: operation not permitted, scandir 'C:\Users\Svetl\Intel'
[2024-09-20T10:40:26.962Z] Error getting file size for C:\Certbot\archive\silver-service.com.ua\cert1.pem: EPERM: operation not permitted, stat 'C:\Certbot\archive\silver-service.com.ua\cert1.pem'
[2024-09-20T10:40:26.962Z] Error getting file size for C:\Certbot\archive\silver-service.com.ua\cert2.pem: EPERM: operation not permitted, stat 'C:\Certbot\archive\silver-service.com.ua\cert2.pem'
[2024-09-20T10:40:26.962Z] Error getting file size for C:\Certbot\archive\silver-service.com.ua\cert3.pem: EPERM: operation not permitted, stat 'C:\Certbot\archive\silver-service.com.ua\cert3.pem'
[2024-09-20T10:40:26.962Z] Error getting file size for C:\Certbot\archive\silver-service.com.ua\cert4.pem: EPERM: operation not permitted, stat 'C:\Certbot\archive\silver-service.com.ua\cert4.pem'
[2024-09-20T10:40:26.962Z] Error getting file size for C:\Certbot\archive\silver-service.com.ua\chain1.pem: EPERM: operation not permitted, stat 'C:\Certbot\archive\silver-service.com.ua\chain1.pem'
[2024-09-20T10:40:26.962Z] Error getting file size for C:\Certbot\archive\silver-service.com.ua\chain2.pem: EPERM: operation not permitted, stat 'C:\Certbot\archive\silver-service.com.ua\chain2.pem'
[2024-09-20T10:40:26.962Z] Error getting file size for C:\Certbot\archive\silver-service.com.ua\chain3.pem: EPERM: operation not permitted, stat 'C:\Certbot\archive\silver-service.com.ua\chain3.pem'
[2024-09-20T10:40:26.962Z] Error getting file size for C:\Certbot\archive\silver-service.com.ua\chain4.pem: EPERM: operation not permitted, stat 'C:\Certbot\archive\silver-service.com.ua\chain4.pem'
[2024-09-20T10:40:26.962Z] Error getting file size for C:\Certbot\archive\silver-service.com.ua\fullchain1.pem: EPERM: operation not permitted, stat 'C:\Certbot\archive\silver-service.com.ua\fullchain1.pem'
[2024-09-20T10:40:26.962Z] Error getting file size for C:\Certbot\archive\silver-service.com.ua\fullchain2.pem: EPERM: operation not permitted, stat 'C:\Certbot\archive\silver-service.com.ua\fullchain2.pem'
[2024-09-20T10:40:26.962Z] Error getting file size for C:\Certbot\archive\silver-service.com.ua\fullchain3.pem: EPERM: operation not permitted, stat 'C:\Certbot\archive\silver-service.com.ua\fullchain3.pem'
[2024-09-20T10:40:26.962Z] Error getting file size for C:\Certbot\archive\silver-service.com.ua\fullchain4.pem: EPERM: operation not permitted, stat 'C:\Certbot\archive\silver-service.com.ua\fullchain4.pem'
[2024-09-20T10:40:26.963Z] Error getting file size for C:\Certbot\archive\srv-ob.silver-service.com.ua\cert1.pem: EPERM: operation not permitted, stat 'C:\Certbot\archive\srv-ob.silver-service.com.ua\cert1.pem'
[2024-09-20T10:40:26.963Z] Error getting file size for C:\Certbot\archive\srv-ob.silver-service.com.ua\cert3.pem: EPERM: operation not permitted, stat 'C:\Certbot\archive\srv-ob.silver-service.com.ua\cert3.pem'
[2024-09-20T10:40:26.963Z] Error getting file size for C:\Certbot\archive\srv-ob.silver-service.com.ua\cert2.pem: EPERM: operation not permitted, stat 'C:\Certbot\archive\srv-ob.silver-service.com.ua\cert2.pem'
[2024-09-20T10:40:26.963Z] Error getting file size for C:\Certbot\archive\srv-ob.silver-service.com.ua\chain1.pem: EPERM: operation not permitted, stat 'C:\Certbot\archive\srv-ob.silver-service.com.ua\chain1.pem'
[2024-09-20T10:40:26.963Z] Error getting file size for C:\Certbot\archive\srv-ob.silver-service.com.ua\cert4.pem: EPERM: operation not permitted, stat 'C:\Certbot\archive\srv-ob.silver-service.com.ua\cert4.pem'
[2024-09-20T10:40:26.963Z] Error getting file size for C:\Certbot\archive\srv-ob.silver-service.com.ua\chain2.pem: EPERM: operation not permitted, stat 'C:\Certbot\archive\srv-ob.silver-service.com.ua\chain2.pem'
[2024-09-20T10:40:26.963Z] Error getting file size for C:\Certbot\archive\srv-ob.silver-service.com.ua\chain3.pem: EPERM: operation not permitted, stat 'C:\Certbot\archive\srv-ob.silver-service.com.ua\chain3.pem'
[2024-09-20T10:40:26.963Z] Error getting file size for C:\Certbot\archive\srv-ob.silver-service.com.ua\chain4.pem: EPERM: operation not permitted, stat 'C:\Certbot\archive\srv-ob.silver-service.com.ua\chain4.pem'
[2024-09-20T10:40:26.963Z] Error getting file size for C:\Certbot\archive\srv-ob.silver-service.com.ua\fullchain1.pem: EPERM: operation not permitted, stat 'C:\Certbot\archive\srv-ob.silver-service.com.ua\fullchain1.pem'
[2024-09-20T10:40:26.963Z] Error getting file size for C:\Certbot\archive\srv-ob.silver-service.com.ua\fullchain3.pem: EPERM: operation not permitted, stat 'C:\Certbot\archive\srv-ob.silver-service.com.ua\fullchain3.pem'
[2024-09-20T10:40:26.963Z] Error getting file size for C:\Certbot\archive\srv-ob.silver-service.com.ua\fullchain2.pem: EPERM: operation not permitted, stat 'C:\Certbot\archive\srv-ob.silver-service.com.ua\fullchain2.pem'
[2024-09-20T10:40:26.963Z] Error getting file size for C:\Certbot\archive\srv-ob.silver-service.com.ua\fullchain4.pem: EPERM: operation not permitted, stat 'C:\Certbot\archive\srv-ob.silver-service.com.ua\fullchain4.pem'
[2024-09-20T10:40:26.963Z] Error getting file size for C:\Certbot\archive\srv-sw2.silver-service.com.ua\cert1.pem: EPERM: operation not permitted, stat 'C:\Certbot\archive\srv-sw2.silver-service.com.ua\cert1.pem'
[2024-09-20T10:40:26.963Z] Error getting file size for C:\Certbot\archive\srv-sw2.silver-service.com.ua\cert2.pem: EPERM: operation not permitted, stat 'C:\Certbot\archive\srv-sw2.silver-service.com.ua\cert2.pem'
[2024-09-20T10:40:26.963Z] Error getting file size for C:\Certbot\archive\srv-sw2.silver-service.com.ua\cert3.pem: EPERM: operation not permitted, stat 'C:\Certbot\archive\srv-sw2.silver-service.com.ua\cert3.pem'
[2024-09-20T10:40:26.963Z] Error getting file size for C:\Certbot\archive\srv-sw2.silver-service.com.ua\cert4.pem: EPERM: operation not permitted, stat 'C:\Certbot\archive\srv-sw2.silver-service.com.ua\cert4.pem'
[2024-09-20T10:40:26.963Z] Error getting file size for C:\Certbot\archive\srv-sw2.silver-service.com.ua\chain1.pem: EPERM: operation not permitted, stat 'C:\Certbot\archive\srv-sw2.silver-service.com.ua\chain1.pem'
[2024-09-20T10:40:26.963Z] Error getting file size for C:\Certbot\archive\srv-sw2.silver-service.com.ua\chain2.pem: EPERM: operation not permitted, stat 'C:\Certbot\archive\srv-sw2.silver-service.com.ua\chain2.pem'
[2024-09-20T10:40:26.963Z] Error getting file size for C:\Certbot\archive\srv-sw2.silver-service.com.ua\chain4.pem: EPERM: operation not permitted, stat 'C:\Certbot\archive\srv-sw2.silver-service.com.ua\chain4.pem'
[2024-09-20T10:40:26.963Z] Error getting file size for C:\Certbot\archive\srv-sw2.silver-service.com.ua\chain3.pem: EPERM: operation not permitted, stat 'C:\Certbot\archive\srv-sw2.silver-service.com.ua\chain3.pem'
[2024-09-20T10:40:26.963Z] Error getting file size for C:\Certbot\archive\srv-sw2.silver-service.com.ua\fullchain1.pem: EPERM: operation not permitted, stat 'C:\Certbot\archive\srv-sw2.silver-service.com.ua\fullchain1.pem'
[2024-09-20T10:40:26.963Z] Error getting file size for C:\Certbot\archive\srv-sw2.silver-service.com.ua\fullchain2.pem: EPERM: operation not permitted, stat 'C:\Certbot\archive\srv-sw2.silver-service.com.ua\fullchain2.pem'
[2024-09-20T10:40:26.963Z] Error getting file size for C:\Certbot\archive\srv-sw2.silver-service.com.ua\fullchain3.pem: EPERM: operation not permitted, stat 'C:\Certbot\archive\srv-sw2.silver-service.com.ua\fullchain3.pem'
[2024-09-20T10:40:26.963Z] Error getting file size for C:\Certbot\archive\srv-sw2.silver-service.com.ua\fullchain4.pem: EPERM: operation not permitted, stat 'C:\Certbot\archive\srv-sw2.silver-service.com.ua\fullchain4.pem'
[2024-09-20T10:40:26.963Z] Error getting file size for C:\Certbot\live\silver-service.com.ua\README: EPERM: operation not permitted, stat 'C:\Certbot\live\silver-service.com.ua\README'
[2024-09-20T10:40:26.964Z] Error getting file size for C:\Certbot\live\srv-ob.silver-service.com.ua\README: EPERM: operation not permitted, stat 'C:\Certbot\live\srv-ob.silver-service.com.ua\README'
[2024-09-20T10:40:26.964Z] Error getting file size for C:\Certbot\live\srv-sw2.silver-service.com.ua\README: EPERM: operation not permitted, stat 'C:\Certbot\live\srv-sw2.silver-service.com.ua\README'
[2024-09-20T10:40:27.408Z] Error accessing directory C:\ProgramData\Microsoft\Crypto\SystemKeys: EPERM: operation not permitted, scandir 'C:\ProgramData\Microsoft\Crypto\SystemKeys'
[2024-09-20T10:40:27.411Z] Error accessing directory C:\ProgramData\Microsoft\NetFramework\BreadcrumbStore: EPERM: operation not permitted, scandir 'C:\ProgramData\Microsoft\NetFramework\BreadcrumbStore'
[2024-09-20T10:40:27.411Z] Error accessing directory C:\ProgramData\Microsoft\Network\Downloader: EPERM: operation not permitted, scandir 'C:\ProgramData\Microsoft\Network\Downloader'
[2024-09-20T10:40:27.411Z] Error accessing directory C:\ProgramData\Microsoft\Provisioning\AssetCache: EPERM: operation not permitted, scandir 'C:\ProgramData\Microsoft\Provisioning\AssetCache'
[2024-09-20T10:40:27.411Z] Error accessing directory C:\ProgramData\Microsoft\Search\Data: EPERM: operation not permitted, scandir 'C:\ProgramData\Microsoft\Search\Data'
[2024-09-20T10:40:27.414Z] Error getting file size for C:\ProgramData\Microsoft\User Account Pictures\defaultuser0.dat: EPERM: operation not permitted, stat 'C:\ProgramData\Microsoft\User Account Pictures\defaultuser0.dat'
[2024-09-20T10:40:27.414Z] Error getting file size for C:\ProgramData\Microsoft\User Account Pictures\NT SERVICE+MSSQLSERVER.dat: EPERM: operation not permitted, stat 'C:\ProgramData\Microsoft\User Account Pictures\NT SERVICE+MSSQLSERVER.dat'
[2024-09-20T10:40:27.414Z] Error getting file size for C:\ProgramData\Microsoft\User Account Pictures\NT SERVICE+SQLTELEMETRY.dat: EPERM: operation not permitted, stat 'C:\ProgramData\Microsoft\User Account Pictures\NT SERVICE+SQLTELEMETRY.dat'
[2024-09-20T10:40:27.414Z] Error getting file size for C:\ProgramData\Microsoft\User Account Pictures\USR1CV8.dat: EPERM: operation not permitted, stat 'C:\ProgramData\Microsoft\User Account Pictures\USR1CV8.dat'
[2024-09-20T10:40:27.456Z] Error accessing directory C:\ProgramData\Microsoft\Windows Defender\Clean Store: EPERM: operation not permitted, scandir 'C:\ProgramData\Microsoft\Windows Defender\Clean Store'
[2024-09-20T10:40:27.457Z] Error accessing directory C:\ProgramData\Microsoft\Windows Defender\DLPCache: EPERM: operation not permitted, scandir 'C:\ProgramData\Microsoft\Windows Defender\DLPCache'
[2024-09-20T10:40:27.457Z] Error accessing directory C:\ProgramData\Microsoft\Windows Defender\Features: EPERM: operation not permitted, scandir 'C:\ProgramData\Microsoft\Windows Defender\Features'
[2024-09-20T10:40:27.457Z] Error getting file size for C:\ProgramData\Microsoft\Windows Defender\IMpService77BDAF73-B396-481F-9042-AD358843EC24.lock: EPERM: operation not permitted, stat 'C:\ProgramData\Microsoft\Windows Defender\IMpService77BDAF73-B396-481F-9042-AD358843EC24.lock'
[2024-09-20T10:40:27.457Z] Error accessing directory C:\ProgramData\Microsoft\Windows Defender\LocalCopy: EPERM: operation not permitted, scandir 'C:\ProgramData\Microsoft\Windows Defender\LocalCopy'
[2024-09-20T10:40:27.457Z] Error accessing directory C:\ProgramData\Microsoft\Windows Defender\Network Inspection System: EPERM: operation not permitted, scandir 'C:\ProgramData\Microsoft\Windows Defender\Network Inspection System'
[2024-09-20T10:40:27.457Z] Error accessing directory C:\ProgramData\Microsoft\Windows Defender\Payloads: EPERM: operation not permitted, scandir 'C:\ProgramData\Microsoft\Windows Defender\Payloads'
[2024-09-20T10:40:27.458Z] Error accessing directory C:\ProgramData\Microsoft\Windows Defender\Quarantine: EPERM: operation not permitted, scandir 'C:\ProgramData\Microsoft\Windows Defender\Quarantine'
[2024-09-20T10:40:27.458Z] Error accessing directory C:\ProgramData\Microsoft\Windows Defender\Scans: EPERM: operation not permitted, scandir 'C:\ProgramData\Microsoft\Windows Defender\Scans'
[2024-09-20T10:40:27.458Z] Error accessing directory C:\ProgramData\Microsoft\Windows Defender\Support: EPERM: operation not permitted, scandir 'C:\ProgramData\Microsoft\Windows Defender\Support'
[2024-09-20T10:40:27.458Z] Error accessing directory C:\ProgramData\Microsoft\Windows Defender Advanced Threat Protection\Cache: EPERM: operation not permitted, scandir 'C:\ProgramData\Microsoft\Windows Defender Advanced Threat Protection\Cache'
[2024-09-20T10:40:27.458Z] Error accessing directory C:\ProgramData\Microsoft\Windows Defender Advanced Threat Protection\Cyber: EPERM: operation not permitted, scandir 'C:\ProgramData\Microsoft\Windows Defender Advanced Threat Protection\Cyber'
[2024-09-20T10:40:27.458Z] Error accessing directory C:\ProgramData\Microsoft\Windows Defender Advanced Threat Protection\DataCollection: EPERM: operation not permitted, scandir 'C:\ProgramData\Microsoft\Windows Defender Advanced Threat Protection\DataCollection'
[2024-09-20T10:40:27.458Z] Error accessing directory C:\ProgramData\Microsoft\Windows Defender Advanced Threat Protection\DLP: EPERM: operation not permitted, scandir 'C:\ProgramData\Microsoft\Windows Defender Advanced Threat Protection\DLP'
[2024-09-20T10:40:27.458Z] Error accessing directory C:\ProgramData\Microsoft\Windows Defender Advanced Threat Protection\Downloads: EPERM: operation not permitted, scandir 'C:\ProgramData\Microsoft\Windows Defender Advanced Threat Protection\Downloads'
[2024-09-20T10:40:27.458Z] Error accessing directory C:\ProgramData\Microsoft\Windows Defender Advanced Threat Protection\Platform: EPERM: operation not permitted, scandir 'C:\ProgramData\Microsoft\Windows Defender Advanced Threat Protection\Platform'
[2024-09-20T10:40:27.458Z] Error accessing directory C:\ProgramData\Microsoft\Windows Defender Advanced Threat Protection\SenseCM: EPERM: operation not permitted, scandir 'C:\ProgramData\Microsoft\Windows Defender Advanced Threat Protection\SenseCM'
[2024-09-20T10:40:27.458Z] Error accessing directory C:\ProgramData\Microsoft\Windows Defender Advanced Threat Protection\SenseNDR: EPERM: operation not permitted, scandir 'C:\ProgramData\Microsoft\Windows Defender Advanced Threat Protection\SenseNDR'
[2024-09-20T10:40:27.458Z] Error accessing directory C:\ProgramData\Microsoft\Windows Defender Advanced Threat Protection\Trace: EPERM: operation not permitted, scandir 'C:\ProgramData\Microsoft\Windows Defender Advanced Threat Protection\Trace'
[2024-09-20T10:40:30.140Z] Error getting file size for C:\ProgramData\Microsoft\Crypto\Keys\2b4ced19e45be521cb6e95978cc1cd91_e6b54026-555a-4e80-bbe4-341586e2165f: EPERM: operation not permitted, stat 'C:\ProgramData\Microsoft\Crypto\Keys\2b4ced19e45be521cb6e95978cc1cd91_e6b54026-555a-4e80-bbe4-341586e2165f'
[2024-09-20T10:40:30.141Z] Error accessing directory C:\ProgramData\Microsoft\Crypto\PCPKSP\WindowsAIK: EPERM: operation not permitted, scandir 'C:\ProgramData\Microsoft\Crypto\PCPKSP\WindowsAIK'
[2024-09-20T10:40:30.141Z] Error accessing directory C:\ProgramData\Microsoft\Crypto\RSA\S-1-5-18: EPERM: operation not permitted, scandir 'C:\ProgramData\Microsoft\Crypto\RSA\S-1-5-18'
[2024-09-20T10:40:30.144Z] Error accessing directory C:\ProgramData\Microsoft\MapData\mapscache\BitsTemp: EPERM: operation not permitted, scandir 'C:\ProgramData\Microsoft\MapData\mapscache\BitsTemp'
[2024-09-20T10:40:30.214Z] Error accessing directory C:\ProgramData\Microsoft\Windows Defender Advanced Threat Protection\Temp\PSScriptOutputs: EPERM: operation not permitted, scandir 'C:\ProgramData\Microsoft\Windows Defender Advanced Threat Protection\Temp\PSScriptOutputs'
[2024-09-20T10:40:30.923Z] Error accessing directory C:\Users\Svetl\AppData\Local\ElevatedDiagnostics: EPERM: operation not permitted, scandir 'C:\Users\Svetl\AppData\Local\ElevatedDiagnostics'
[2024-09-20T10:40:31.250Z] Error getting file size for C:\Certbot\accounts\acme-v02.api.letsencrypt.org\directory\3dbefecbc32c92b64968dcd9efd54ca9\meta.json: EPERM: operation not permitted, stat 'C:\Certbot\accounts\acme-v02.api.letsencrypt.org\directory\3dbefecbc32c92b64968dcd9efd54ca9\meta.json'
[2024-09-20T10:40:31.250Z] Error getting file size for C:\Certbot\accounts\acme-v02.api.letsencrypt.org\directory\3dbefecbc32c92b64968dcd9efd54ca9\regr.json: EPERM: operation not permitted, stat 'C:\Certbot\accounts\acme-v02.api.letsencrypt.org\directory\3dbefecbc32c92b64968dcd9efd54ca9\regr.json'
[2024-09-20T10:40:32.166Z] Error getting file size for C:\ProgramData\Microsoft\Crypto\RSA\MachineKeys\8611a213f5b70b1e34075e880b4e7886_e6b54026-555a-4e80-bbe4-341586e2165f: EPERM: operation not permitted, stat 'C:\ProgramData\Microsoft\Crypto\RSA\MachineKeys\8611a213f5b70b1e34075e880b4e7886_e6b54026-555a-4e80-bbe4-341586e2165f'
[2024-09-20T10:40:33.602Z] Error accessing directory C:\Users\Svetl\AppData\Local\Temp\msdtadmin: EPERM: operation not permitted, scandir 'C:\Users\Svetl\AppData\Local\Temp\msdtadmin'
[2024-09-20T10:40:33.634Z] Error accessing directory C:\Users\Svetl\AppData\Local\Temp\VUK4CB5.tmp.dir: EPERM: operation not permitted, scandir 'C:\Users\Svetl\AppData\Local\Temp\VUK4CB5.tmp.dir'
[2024-09-20T10:40:33.635Z] Error accessing directory C:\Users\Svetl\AppData\Local\Temp\WinSAT: EPERM: operation not permitted, scandir 'C:\Users\Svetl\AppData\Local\Temp\WinSAT'
